[2017-03-20 06:16:19] local.ERROR: Symfony\Component\Debug\Exception\FatalThrowableError: Parse error: syntax error, unexpected 'return' (T_RETURN) in C:\xampp1\htdocs\laravel\trunk\routes\web.php:26
Stack trace:
#0 C:\xampp1\htdocs\laravel\trunk\vendor\laravel\framework\src\Illuminate\Routing\Router.php(270): Illuminate\Routing\Router->loadRoutes('C:\\xampp1\\htdoc...')
#1 C:\xampp1\htdocs\laravel\trunk\vendor\laravel\framework\src\Illuminate\Routing\RouteRegistrar.php(104): Illuminate\Routing\Router->group(Array, 'C:\\xampp1\\htdoc...')
#2 C:\xampp1\htdocs\laravel\trunk\app\Providers\RouteServiceProvider.php(56): Illuminate\Routing\RouteRegistrar->group('C:\\xampp1\\htdoc...')
#3 C:\xampp1\htdocs\laravel\trunk\app\Providers\RouteServiceProvider.php(40): App\Providers\RouteServiceProvider->mapWebRoutes()
#4 [internal function]: App\Providers\RouteServiceProvider->map()
#5 C:\xampp1\htdocs\laravel\trunk\vendor\laravel\framework\src\Illuminate\Container\BoundMethod.php(29): call_user_func_array(Array, Array)
#6 C:\xampp1\htdocs\laravel\trunk\vendor\laravel\framework\src\Illuminate\Container\BoundMethod.php(87): Illuminate\Container\BoundMethod::Illuminate\Container\{closure}()
#7 C:\xampp1\htdocs\laravel\trunk\vendor\laravel\framework\src\Illuminate\Container\BoundMethod.php(31): Illuminate\Container\BoundMethod::callBoundMethod(Object(Illuminate\Foundation\Application), Array, Object(Closure))
#8 C:\xampp1\htdocs\laravel\trunk\vendor\laravel\framework\src\Illuminate\Container\Container.php(524): Illuminate\Container\BoundMethod::call(Object(Illuminate\Foundation\Application), Array, Array, NULL)
#9 C:\xampp1\htdocs\laravel\trunk\vendor\laravel\framework\src\Illuminate\Foundation\Support\Providers\RouteServiceProvider.php(70): Illuminate\Container\Container->call(Array)
#10 C:\xampp1\htdocs\laravel\trunk\vendor\laravel\framework\src\Illuminate\Foundation\Support\Providers\RouteServiceProvider.php(30): Illuminate\Foundation\Support\Providers\RouteServiceProvider->loadRoutes()
#11 C:\xampp1\htdocs\laravel\trunk\app\Providers\RouteServiceProvider.php(28): Illuminate\Foundation\Support\Providers\RouteServiceProvider->boot()
#12 [internal function]: App\Providers\RouteServiceProvider->boot()
#13 C:\xampp1\htdocs\laravel\trunk\vendor\laravel\framework\src\Illuminate\Container\BoundMethod.php(29): call_user_func_array(Array, Array)
#14 C:\xampp1\htdocs\laravel\trunk\vendor\laravel\framework\src\Illuminate\Container\BoundMethod.php(87): Illuminate\Container\BoundMethod::Illuminate\Container\{closure}()
#15 C:\xampp1\htdocs\laravel\trunk\vendor\laravel\framework\src\Illuminate\Container\BoundMethod.php(31): Illuminate\Container\BoundMethod::callBoundMethod(Object(Illuminate\Foundation\Application), Array, Object(Closure))
#16 C:\xampp1\htdocs\laravel\trunk\vendor\laravel\framework\src\Illuminate\Container\Container.php(524): Illuminate\Container\BoundMethod::call(Object(Illuminate\Foundation\Application), Array, Array, NULL)
#17 C:\xampp1\htdocs\laravel\trunk\vendor\laravel\framework\src\Illuminate\Foundation\Application.php(762): Illuminate\Container\Container->call(Array)
#18 C:\xampp1\htdocs\laravel\trunk\vendor\laravel\framework\src\Illuminate\Foundation\Application.php(745): Illuminate\Foundation\Application->bootProvider(Object(App\Providers\RouteServiceProvider))
#19 [internal function]: Illuminate\Foundation\Application->Illuminate\Foundation\{closure}(Object(App\Providers\RouteServiceProvider), 17)
#20 C:\xampp1\htdocs\laravel\trunk\vendor\laravel\framework\src\Illuminate\Foundation\Application.php(746): array_walk(Array, Object(Closure))
#21 C:\xampp1\htdocs\laravel\trunk\vendor\laravel\framework\src\Illuminate\Foundation\Bootstrap\BootProviders.php(17): Illuminate\Foundation\Application->boot()
#22 C:\xampp1\htdocs\laravel\trunk\vendor\laravel\framework\src\Illuminate\Foundation\Application.php(208): Illuminate\Foundation\Bootstrap\BootProviders->bootstrap(Object(Illuminate\Foundation\Application))
#23 C:\xampp1\htdocs\laravel\trunk\vendor\laravel\framework\src\Illuminate\Foundation\Http\Kernel.php(160): Illuminate\Foundation\Application->bootstrapWith(Array)
#24 C:\xampp1\htdocs\laravel\trunk\vendor\laravel\framework\src\Illuminate\Foundation\Http\Kernel.php(144): Illuminate\Foundation\Http\Kernel->bootstrap()
#25 C:\xampp1\htdocs\laravel\trunk\vendor\laravel\framework\src\Illuminate\Foundation\Http\Kernel.php(116): Illuminate\Foundation\Http\Kernel->sendRequestThroughRouter(Object(Illuminate\Http\Request))
#26 C:\xampp1\htdocs\laravel\trunk\public\index.php(53): Illuminate\Foundation\Http\Kernel->handle(Object(Illuminate\Http\Request))
#27 C:\xampp1\htdocs\laravel\trunk\server.php(21): require_once('C:\\xampp1\\htdoc...')
#28 {main}  
[2017-03-20 06:16:41] local.ERROR: Symfony\Component\Debug\Exception\FatalThrowableError: Parse error: syntax error, unexpected 'return' (T_RETURN) in C:\xampp1\htdocs\laravel\trunk\routes\web.php:26
Stack trace:
#0 C:\xampp1\htdocs\laravel\trunk\vendor\laravel\framework\src\Illuminate\Routing\Router.php(270): Illuminate\Routing\Router->loadRoutes('C:\\xampp1\\htdoc...')
#1 C:\xampp1\htdocs\laravel\trunk\vendor\laravel\framework\src\Illuminate\Routing\RouteRegistrar.php(104): Illuminate\Routing\Router->group(Array, 'C:\\xampp1\\htdoc...')
#2 C:\xampp1\htdocs\laravel\trunk\app\Providers\RouteServiceProvider.php(56): Illuminate\Routing\RouteRegistrar->group('C:\\xampp1\\htdoc...')
#3 C:\xampp1\htdocs\laravel\trunk\app\Providers\RouteServiceProvider.php(40): App\Providers\RouteServiceProvider->mapWebRoutes()
#4 [internal function]: App\Providers\RouteServiceProvider->map()
#5 C:\xampp1\htdocs\laravel\trunk\vendor\laravel\framework\src\Illuminate\Container\BoundMethod.php(29): call_user_func_array(Array, Array)
#6 C:\xampp1\htdocs\laravel\trunk\vendor\laravel\framework\src\Illuminate\Container\BoundMethod.php(87): Illuminate\Container\BoundMethod::Illuminate\Container\{closure}()
#7 C:\xampp1\htdocs\laravel\trunk\vendor\laravel\framework\src\Illuminate\Container\BoundMethod.php(31): Illuminate\Container\BoundMethod::callBoundMethod(Object(Illuminate\Foundation\Application), Array, Object(Closure))
#8 C:\xampp1\htdocs\laravel\trunk\vendor\laravel\framework\src\Illuminate\Container\Container.php(524): Illuminate\Container\BoundMethod::call(Object(Illuminate\Foundation\Application), Array, Array, NULL)
#9 C:\xampp1\htdocs\laravel\trunk\vendor\laravel\framework\src\Illuminate\Foundation\Support\Providers\RouteServiceProvider.php(70): Illuminate\Container\Container->call(Array)
#10 C:\xampp1\htdocs\laravel\trunk\vendor\laravel\framework\src\Illuminate\Foundation\Support\Providers\RouteServiceProvider.php(30): Illuminate\Foundation\Support\Providers\RouteServiceProvider->loadRoutes()
#11 C:\xampp1\htdocs\laravel\trunk\app\Providers\RouteServiceProvider.php(28): Illuminate\Foundation\Support\Providers\RouteServiceProvider->boot()
#12 [internal function]: App\Providers\RouteServiceProvider->boot()
#13 C:\xampp1\htdocs\laravel\trunk\vendor\laravel\framework\src\Illuminate\Container\BoundMethod.php(29): call_user_func_array(Array, Array)
#14 C:\xampp1\htdocs\laravel\trunk\vendor\laravel\framework\src\Illuminate\Container\BoundMethod.php(87): Illuminate\Container\BoundMethod::Illuminate\Container\{closure}()
#15 C:\xampp1\htdocs\laravel\trunk\vendor\laravel\framework\src\Illuminate\Container\BoundMethod.php(31): Illuminate\Container\BoundMethod::callBoundMethod(Object(Illuminate\Foundation\Application), Array, Object(Closure))
#16 C:\xampp1\htdocs\laravel\trunk\vendor\laravel\framework\src\Illuminate\Container\Container.php(524): Illuminate\Container\BoundMethod::call(Object(Illuminate\Foundation\Application), Array, Array, NULL)
#17 C:\xampp1\htdocs\laravel\trunk\vendor\laravel\framework\src\Illuminate\Foundation\Application.php(762): Illuminate\Container\Container->call(Array)
#18 C:\xampp1\htdocs\laravel\trunk\vendor\laravel\framework\src\Illuminate\Foundation\Application.php(745): Illuminate\Foundation\Application->bootProvider(Object(App\Providers\RouteServiceProvider))
#19 [internal function]: Illuminate\Foundation\Application->Illuminate\Foundation\{closure}(Object(App\Providers\RouteServiceProvider), 17)
#20 C:\xampp1\htdocs\laravel\trunk\vendor\laravel\framework\src\Illuminate\Foundation\Application.php(746): array_walk(Array, Object(Closure))
#21 C:\xampp1\htdocs\laravel\trunk\vendor\laravel\framework\src\Illuminate\Foundation\Bootstrap\BootProviders.php(17): Illuminate\Foundation\Application->boot()
#22 C:\xampp1\htdocs\laravel\trunk\vendor\laravel\framework\src\Illuminate\Foundation\Application.php(208): Illuminate\Foundation\Bootstrap\BootProviders->bootstrap(Object(Illuminate\Foundation\Application))
#23 C:\xampp1\htdocs\laravel\trunk\vendor\laravel\framework\src\Illuminate\Foundation\Http\Kernel.php(160): Illuminate\Foundation\Application->bootstrapWith(Array)
#24 C:\xampp1\htdocs\laravel\trunk\vendor\laravel\framework\src\Illuminate\Foundation\Http\Kernel.php(144): Illuminate\Foundation\Http\Kernel->bootstrap()
#25 C:\xampp1\htdocs\laravel\trunk\vendor\laravel\framework\src\Illuminate\Foundation\Http\Kernel.php(116): Illuminate\Foundation\Http\Kernel->sendRequestThroughRouter(Object(Illuminate\Http\Request))
#26 C:\xampp1\htdocs\laravel\trunk\public\index.php(53): Illuminate\Foundation\Http\Kernel->handle(Object(Illuminate\Http\Request))
#27 C:\xampp1\htdocs\laravel\trunk\server.php(21): require_once('C:\\xampp1\\htdoc...')
#28 {main}  
[2017-03-20 06:25:24] local.ERROR: ReflectionException: Class App\Http\Controllers\UserController does not exist in C:\xampp1\htdocs\laravel\trunk\vendor\laravel\framework\src\Illuminate\Container\Container.php:681
Stack trace:
#0 C:\xampp1\htdocs\laravel\trunk\vendor\laravel\framework\src\Illuminate\Container\Container.php(681): ReflectionClass->__construct('App\\Http\\Contro...')
#1 C:\xampp1\htdocs\laravel\trunk\vendor\laravel\framework\src\Illuminate\Container\Container.php(565): Illuminate\Container\Container->build('App\\Http\\Contro...')
#2 C:\xampp1\htdocs\laravel\trunk\vendor\laravel\framework\src\Illuminate\Foundation\Application.php(702): Illuminate\Container\Container->make('App\\Http\\Contro...')
#3 C:\xampp1\htdocs\laravel\trunk\vendor\laravel\framework\src\Illuminate\Routing\Route.php(217): Illuminate\Foundation\Application->make('App\\Http\\Contro...')
#4 C:\xampp1\htdocs\laravel\trunk\vendor\laravel\framework\src\Illuminate\Routing\Route.php(736): Illuminate\Routing\Route->getController()
#5 C:\xampp1\htdocs\laravel\trunk\vendor\laravel\framework\src\Illuminate\Routing\Route.php(697): Illuminate\Routing\Route->controllerMiddleware()
#6 C:\xampp1\htdocs\laravel\trunk\vendor\laravel\framework\src\Illuminate\Routing\Router.php(572): Illuminate\Routing\Route->gatherMiddleware()
#7 C:\xampp1\htdocs\laravel\trunk\vendor\laravel\framework\src\Illuminate\Routing\Router.php(552): Illuminate\Routing\Router->gatherRouteMiddleware(Object(Illuminate\Routing\Route))
#8 C:\xampp1\htdocs\laravel\trunk\vendor\laravel\framework\src\Illuminate\Routing\Router.php(520): Illuminate\Routing\Router->runRouteWithinStack(Object(Illuminate\Routing\Route), Object(Illuminate\Http\Request))
#9 C:\xampp1\htdocs\laravel\trunk\vendor\laravel\framework\src\Illuminate\Routing\Router.php(498): Illuminate\Routing\Router->dispatchToRoute(Object(Illuminate\Http\Request))
#10 C:\xampp1\htdocs\laravel\trunk\vendor\laravel\framework\src\Illuminate\Foundation\Http\Kernel.php(174): Illuminate\Routing\Router->dispatch(Object(Illuminate\Http\Request))
#11 C:\xampp1\htdocs\laravel\trunk\vendor\laravel\framework\src\Illuminate\Routing\Pipeline.php(30): Illuminate\Foundation\Http\Kernel->Illuminate\Foundation\Http\{closure}(Object(Illuminate\Http\Request))
#12 C:\xampp1\htdocs\laravel\trunk\vendor\laravel\framework\src\Illuminate\Foundation\Http\Middleware\TransformsRequest.php(30): Illuminate\Routing\Pipeline->Illuminate\Routing\{closure}(Object(Illuminate\Http\Request))
#13 C:\xampp1\htdocs\laravel\trunk\vendor\laravel\framework\src\Illuminate\Pipeline\Pipeline.php(148): Illuminate\Foundation\Http\Middleware\TransformsRequest->handle(Object(Illuminate\Http\Request), Object(Closure))
#14 C:\xampp1\htdocs\laravel\trunk\vendor\laravel\framework\src\Illuminate\Routing\Pipeline.php(53): Illuminate\Pipeline\Pipeline->Illuminate\Pipeline\{closure}(Object(Illuminate\Http\Request))
#15 C:\xampp1\htdocs\laravel\trunk\vendor\laravel\framework\src\Illuminate\Foundation\Http\Middleware\TransformsRequest.php(30): Illuminate\Routing\Pipeline->Illuminate\Routing\{closure}(Object(Illuminate\Http\Request))
#16 C:\xampp1\htdocs\laravel\trunk\vendor\laravel\framework\src\Illuminate\Pipeline\Pipeline.php(148): Illuminate\Foundation\Http\Middleware\TransformsRequest->handle(Object(Illuminate\Http\Request), Object(Closure))
#17 C:\xampp1\htdocs\laravel\trunk\vendor\laravel\framework\src\Illuminate\Routing\Pipeline.php(53): Illuminate\Pipeline\Pipeline->Illuminate\Pipeline\{closure}(Object(Illuminate\Http\Request))
#18 C:\xampp1\htdocs\laravel\trunk\vendor\laravel\framework\src\Illuminate\Foundation\Http\Middleware\ValidatePostSize.php(27): Illuminate\Routing\Pipeline->Illuminate\Routing\{closure}(Object(Illuminate\Http\Request))
#19 C:\xampp1\htdocs\laravel\trunk\vendor\laravel\framework\src\Illuminate\Pipeline\Pipeline.php(148): Illuminate\Foundation\Http\Middleware\ValidatePostSize->handle(Object(Illuminate\Http\Request), Object(Closure))
#20 C:\xampp1\htdocs\laravel\trunk\vendor\laravel\framework\src\Illuminate\Routing\Pipeline.php(53): Illuminate\Pipeline\Pipeline->Illuminate\Pipeline\{closure}(Object(Illuminate\Http\Request))
#21 C:\xampp1\htdocs\laravel\trunk\vendor\laravel\framework\src\Illuminate\Foundation\Http\Middleware\CheckForMaintenanceMode.php(46): Illuminate\Routing\Pipeline->Illuminate\Routing\{closure}(Object(Illuminate\Http\Request))
#22 C:\xampp1\htdocs\laravel\trunk\vendor\laravel\framework\src\Illuminate\Pipeline\Pipeline.php(148): Illuminate\Foundation\Http\Middleware\CheckForMaintenanceMode->handle(Object(Illuminate\Http\Request), Object(Closure))
#23 C:\xampp1\htdocs\laravel\trunk\vendor\laravel\framework\src\Illuminate\Routing\Pipeline.php(53): Illuminate\Pipeline\Pipeline->Illuminate\Pipeline\{closure}(Object(Illuminate\Http\Request))
#24 C:\xampp1\htdocs\laravel\trunk\vendor\laravel\framework\src\Illuminate\Pipeline\Pipeline.php(102): Illuminate\Routing\Pipeline->Illuminate\Routing\{closure}(Object(Illuminate\Http\Request))
#25 C:\xampp1\htdocs\laravel\trunk\vendor\laravel\framework\src\Illuminate\Foundation\Http\Kernel.php(149): Illuminate\Pipeline\Pipeline->then(Object(Closure))
#26 C:\xampp1\htdocs\laravel\trunk\vendor\laravel\framework\src\Illuminate\Foundation\Http\Kernel.php(116): Illuminate\Foundation\Http\Kernel->sendRequestThroughRouter(Object(Illuminate\Http\Request))
#27 C:\xampp1\htdocs\laravel\trunk\public\index.php(53): Illuminate\Foundation\Http\Kernel->handle(Object(Illuminate\Http\Request))
#28 C:\xampp1\htdocs\laravel\trunk\server.php(21): require_once('C:\\xampp1\\htdoc...')
#29 {main}  
[2017-03-20 06:35:29] local.ERROR: ReflectionException: Function () does not exist in C:\xampp1\htdocs\laravel\trunk\vendor\laravel\framework\src\Illuminate\Routing\RouteSignatureParameters.php:22
Stack trace:
#0 C:\xampp1\htdocs\laravel\trunk\vendor\laravel\framework\src\Illuminate\Routing\RouteSignatureParameters.php(22): ReflectionFunction->__construct('')
#1 C:\xampp1\htdocs\laravel\trunk\vendor\laravel\framework\src\Illuminate\Routing\Route.php(425): Illuminate\Routing\RouteSignatureParameters::fromAction(Array, 'Illuminate\\Data...')
#2 C:\xampp1\htdocs\laravel\trunk\vendor\laravel\framework\src\Illuminate\Routing\ImplicitRouteBinding.php(20): Illuminate\Routing\Route->signatureParameters('Illuminate\\Data...')
#3 C:\xampp1\htdocs\laravel\trunk\vendor\laravel\framework\src\Illuminate\Routing\Router.php(633): Illuminate\Routing\ImplicitRouteBinding::resolveForRoute(Object(Illuminate\Foundation\Application), Object(Illuminate\Routing\Route))
#4 C:\xampp1\htdocs\laravel\trunk\vendor\laravel\framework\src\Illuminate\Routing\Middleware\SubstituteBindings.php(39): Illuminate\Routing\Router->substituteImplicitBindings(Object(Illuminate\Routing\Route))
#5 C:\xampp1\htdocs\laravel\trunk\vendor\laravel\framework\src\Illuminate\Pipeline\Pipeline.php(148): Illuminate\Routing\Middleware\SubstituteBindings->handle(Object(Illuminate\Http\Request), Object(Closure))
#6 C:\xampp1\htdocs\laravel\trunk\vendor\laravel\framework\src\Illuminate\Routing\Pipeline.php(53): Illuminate\Pipeline\Pipeline->Illuminate\Pipeline\{closure}(Object(Illuminate\Http\Request))
#7 C:\xampp1\htdocs\laravel\trunk\vendor\laravel\framework\src\Illuminate\Foundation\Http\Middleware\VerifyCsrfToken.php(65): Illuminate\Routing\Pipeline->Illuminate\Routing\{closure}(Object(Illuminate\Http\Request))
#8 C:\xampp1\htdocs\laravel\trunk\vendor\laravel\framework\src\Illuminate\Pipeline\Pipeline.php(148): Illuminate\Foundation\Http\Middleware\VerifyCsrfToken->handle(Object(Illuminate\Http\Request), Object(Closure))
#9 C:\xampp1\htdocs\laravel\trunk\vendor\laravel\framework\src\Illuminate\Routing\Pipeline.php(53): Illuminate\Pipeline\Pipeline->Illuminate\Pipeline\{closure}(Object(Illuminate\Http\Request))
#10 C:\xampp1\htdocs\laravel\trunk\vendor\laravel\framework\src\Illuminate\View\Middleware\ShareErrorsFromSession.php(49): Illuminate\Routing\Pipeline->Illuminate\Routing\{closure}(Object(Illuminate\Http\Request))
#11 C:\xampp1\htdocs\laravel\trunk\vendor\laravel\framework\src\Illuminate\Pipeline\Pipeline.php(148): Illuminate\View\Middleware\ShareErrorsFromSession->handle(Object(Illuminate\Http\Request), Object(Closure))
#12 C:\xampp1\htdocs\laravel\trunk\vendor\laravel\framework\src\Illuminate\Routing\Pipeline.php(53): Illuminate\Pipeline\Pipeline->Illuminate\Pipeline\{closure}(Object(Illuminate\Http\Request))
#13 C:\xampp1\htdocs\laravel\trunk\vendor\laravel\framework\src\Illuminate\Session\Middleware\StartSession.php(64): Illuminate\Routing\Pipeline->Illuminate\Routing\{closure}(Object(Illuminate\Http\Request))
#14 C:\xampp1\htdocs\laravel\trunk\vendor\laravel\framework\src\Illuminate\Pipeline\Pipeline.php(148): Illuminate\Session\Middleware\StartSession->handle(Object(Illuminate\Http\Request), Object(Closure))
#15 C:\xampp1\htdocs\laravel\trunk\vendor\laravel\framework\src\Illuminate\Routing\Pipeline.php(53): Illuminate\Pipeline\Pipeline->Illuminate\Pipeline\{closure}(Object(Illuminate\Http\Request))
#16 C:\xampp1\htdocs\laravel\trunk\vendor\laravel\framework\src\Illuminate\Cookie\Middleware\AddQueuedCookiesToResponse.php(37): Illuminate\Routing\Pipeline->Illuminate\Routing\{closure}(Object(Illuminate\Http\Request))
#17 C:\xampp1\htdocs\laravel\trunk\vendor\laravel\framework\src\Illuminate\Pipeline\Pipeline.php(148): Illuminate\Cookie\Middleware\AddQueuedCookiesToResponse->handle(Object(Illuminate\Http\Request), Object(Closure))
#18 C:\xampp1\htdocs\laravel\trunk\vendor\laravel\framework\src\Illuminate\Routing\Pipeline.php(53): Illuminate\Pipeline\Pipeline->Illuminate\Pipeline\{closure}(Object(Illuminate\Http\Request))
#19 C:\xampp1\htdocs\laravel\trunk\vendor\laravel\framework\src\Illuminate\Cookie\Middleware\EncryptCookies.php(59): Illuminate\Routing\Pipeline->Illuminate\Routing\{closure}(Object(Illuminate\Http\Request))
#20 C:\xampp1\htdocs\laravel\trunk\vendor\laravel\framework\src\Illuminate\Pipeline\Pipeline.php(148): Illuminate\Cookie\Middleware\EncryptCookies->handle(Object(Illuminate\Http\Request), Object(Closure))
#21 C:\xampp1\htdocs\laravel\trunk\vendor\laravel\framework\src\Illuminate\Routing\Pipeline.php(53): Illuminate\Pipeline\Pipeline->Illuminate\Pipeline\{closure}(Object(Illuminate\Http\Request))
#22 C:\xampp1\htdocs\laravel\trunk\vendor\laravel\framework\src\Illuminate\Pipeline\Pipeline.php(102): Illuminate\Routing\Pipeline->Illuminate\Routing\{closure}(Object(Illuminate\Http\Request))
#23 C:\xampp1\htdocs\laravel\trunk\vendor\laravel\framework\src\Illuminate\Routing\Router.php(561): Illuminate\Pipeline\Pipeline->then(Object(Closure))
#24 C:\xampp1\htdocs\laravel\trunk\vendor\laravel\framework\src\Illuminate\Routing\Router.php(520): Illuminate\Routing\Router->runRouteWithinStack(Object(Illuminate\Routing\Route), Object(Illuminate\Http\Request))
#25 C:\xampp1\htdocs\laravel\trunk\vendor\laravel\framework\src\Illuminate\Routing\Router.php(498): Illuminate\Routing\Router->dispatchToRoute(Object(Illuminate\Http\Request))
#26 C:\xampp1\htdocs\laravel\trunk\vendor\laravel\framework\src\Illuminate\Foundation\Http\Kernel.php(174): Illuminate\Routing\Router->dispatch(Object(Illuminate\Http\Request))
#27 C:\xampp1\htdocs\laravel\trunk\vendor\laravel\framework\src\Illuminate\Routing\Pipeline.php(30): Illuminate\Foundation\Http\Kernel->Illuminate\Foundation\Http\{closure}(Object(Illuminate\Http\Request))
#28 C:\xampp1\htdocs\laravel\trunk\vendor\laravel\framework\src\Illuminate\Foundation\Http\Middleware\TransformsRequest.php(30): Illuminate\Routing\Pipeline->Illuminate\Routing\{closure}(Object(Illuminate\Http\Request))
#29 C:\xampp1\htdocs\laravel\trunk\vendor\laravel\framework\src\Illuminate\Pipeline\Pipeline.php(148): Illuminate\Foundation\Http\Middleware\TransformsRequest->handle(Object(Illuminate\Http\Request), Object(Closure))
#30 C:\xampp1\htdocs\laravel\trunk\vendor\laravel\framework\src\Illuminate\Routing\Pipeline.php(53): Illuminate\Pipeline\Pipeline->Illuminate\Pipeline\{closure}(Object(Illuminate\Http\Request))
#31 C:\xampp1\htdocs\laravel\trunk\vendor\laravel\framework\src\Illuminate\Foundation\Http\Middleware\TransformsRequest.php(30): Illuminate\Routing\Pipeline->Illuminate\Routing\{closure}(Object(Illuminate\Http\Request))
#32 C:\xampp1\htdocs\laravel\trunk\vendor\laravel\framework\src\Illuminate\Pipeline\Pipeline.php(148): Illuminate\Foundation\Http\Middleware\TransformsRequest->handle(Object(Illuminate\Http\Request), Object(Closure))
#33 C:\xampp1\htdocs\laravel\trunk\vendor\laravel\framework\src\Illuminate\Routing\Pipeline.php(53): Illuminate\Pipeline\Pipeline->Illuminate\Pipeline\{closure}(Object(Illuminate\Http\Request))
#34 C:\xampp1\htdocs\laravel\trunk\vendor\laravel\framework\src\Illuminate\Foundation\Http\Middleware\ValidatePostSize.php(27): Illuminate\Routing\Pipeline->Illuminate\Routing\{closure}(Object(Illuminate\Http\Request))
#35 C:\xampp1\htdocs\laravel\trunk\vendor\laravel\framework\src\Illuminate\Pipeline\Pipeline.php(148): Illuminate\Foundation\Http\Middleware\ValidatePostSize->handle(Object(Illuminate\Http\Request), Object(Closure))
#36 C:\xampp1\htdocs\laravel\trunk\vendor\laravel\framework\src\Illuminate\Routing\Pipeline.php(53): Illuminate\Pipeline\Pipeline->Illuminate\Pipeline\{closure}(Object(Illuminate\Http\Request))
#37 C:\xampp1\htdocs\laravel\trunk\vendor\laravel\framework\src\Illuminate\Foundation\Http\Middleware\CheckForMaintenanceMode.php(46): Illuminate\Routing\Pipeline->Illuminate\Routing\{closure}(Object(Illuminate\Http\Request))
#38 C:\xampp1\htdocs\laravel\trunk\vendor\laravel\framework\src\Illuminate\Pipeline\Pipeline.php(148): Illuminate\Foundation\Http\Middleware\CheckForMaintenanceMode->handle(Object(Illuminate\Http\Request), Object(Closure))
#39 C:\xampp1\htdocs\laravel\trunk\vendor\laravel\framework\src\Illuminate\Routing\Pipeline.php(53): Illuminate\Pipeline\Pipeline->Illuminate\Pipeline\{closure}(Object(Illuminate\Http\Request))
#40 C:\xampp1\htdocs\laravel\trunk\vendor\laravel\framework\src\Illuminate\Pipeline\Pipeline.php(102): Illuminate\Routing\Pipeline->Illuminate\Routing\{closure}(Object(Illuminate\Http\Request))
#41 C:\xampp1\htdocs\laravel\trunk\vendor\laravel\framework\src\Illuminate\Foundation\Http\Kernel.php(149): Illuminate\Pipeline\Pipeline->then(Object(Closure))
#42 C:\xampp1\htdocs\laravel\trunk\vendor\laravel\framework\src\Illuminate\Foundation\Http\Kernel.php(116): Illuminate\Foundation\Http\Kernel->sendRequestThroughRouter(Object(Illuminate\Http\Request))
#43 C:\xampp1\htdocs\laravel\trunk\public\index.php(53): Illuminate\Foundation\Http\Kernel->handle(Object(Illuminate\Http\Request))
#44 C:\xampp1\htdocs\laravel\trunk\server.php(21): require_once('C:\\xampp1\\htdoc...')
#45 {main}  
[2017-03-20 09:20:25] local.ERROR: PDOException: SQLSTATE[08006] [7] FATAL:  password authentication failed for user "tester" in C:\xampp1\htdocs\LaravelRepo\private\vendor\laravel\framework\src\Illuminate\Database\Connectors\Connector.php:68
Stack trace:
#0 C:\xampp1\htdocs\LaravelRepo\private\vendor\laravel\framework\src\Illuminate\Database\Connectors\Connector.php(68): PDO->__construct('pgsql:host=127....', 'tester', 'arsenal9', Array)
#1 C:\xampp1\htdocs\LaravelRepo\private\vendor\laravel\framework\src\Illuminate\Database\Connectors\Connector.php(43): Illuminate\Database\Connectors\Connector->createPdoConnection('pgsql:host=127....', 'tester', 'arsenal9', Array)
#2 C:\xampp1\htdocs\LaravelRepo\private\vendor\laravel\framework\src\Illuminate\Database\Connectors\PostgresConnector.php(33): Illuminate\Database\Connectors\Connector->createConnection('pgsql:host=127....', Array, Array)
#3 C:\xampp1\htdocs\LaravelRepo\private\vendor\laravel\framework\src\Illuminate\Database\Connectors\ConnectionFactory.php(183): Illuminate\Database\Connectors\PostgresConnector->connect(Array)
#4 [internal function]: Illuminate\Database\Connectors\ConnectionFactory->Illuminate\Database\Connectors\{closure}()
#5 C:\xampp1\htdocs\LaravelRepo\private\vendor\laravel\framework\src\Illuminate\Database\Connection.php(882): call_user_func(Object(Closure))
#6 C:\xampp1\htdocs\LaravelRepo\private\vendor\laravel\framework\src\Illuminate\Database\Connection.php(903): Illuminate\Database\Connection->getPdo()
#7 C:\xampp1\htdocs\LaravelRepo\private\vendor\laravel\framework\src\Illuminate\Database\Connection.php(392): Illuminate\Database\Connection->getReadPdo()
#8 C:\xampp1\htdocs\LaravelRepo\private\vendor\laravel\framework\src\Illuminate\Database\Connection.php(318): Illuminate\Database\Connection->getPdoForSelect(true)
#9 C:\xampp1\htdocs\LaravelRepo\private\vendor\laravel\framework\src\Illuminate\Database\Connection.php(640): Illuminate\Database\Connection->Illuminate\Database\{closure}('select * from i...', Array)
#10 C:\xampp1\htdocs\LaravelRepo\private\vendor\laravel\framework\src\Illuminate\Database\Connection.php(607): Illuminate\Database\Connection->runQueryCallback('select * from i...', Array, Object(Closure))
#11 C:\xampp1\htdocs\LaravelRepo\private\vendor\laravel\framework\src\Illuminate\Database\Connection.php(326): Illuminate\Database\Connection->run('select * from i...', Array, Object(Closure))
#12 C:\xampp1\htdocs\LaravelRepo\private\vendor\laravel\framework\src\Illuminate\Database\Schema\PostgresBuilder.php(24): Illuminate\Database\Connection->select('select * from i...', Array)
#13 C:\xampp1\htdocs\LaravelRepo\private\vendor\laravel\framework\src\Illuminate\Database\Migrations\DatabaseMigrationRepository.php(154): Illuminate\Database\Schema\PostgresBuilder->hasTable('migrations')
#14 C:\xampp1\htdocs\LaravelRepo\private\vendor\laravel\framework\src\Illuminate\Database\Migrations\Migrator.php(530): Illuminate\Database\Migrations\DatabaseMigrationRepository->repositoryExists()
#15 C:\xampp1\htdocs\LaravelRepo\private\vendor\laravel\framework\src\Illuminate\Database\Console\Migrations\MigrateCommand.php(96): Illuminate\Database\Migrations\Migrator->repositoryExists()
#16 C:\xampp1\htdocs\LaravelRepo\private\vendor\laravel\framework\src\Illuminate\Database\Console\Migrations\MigrateCommand.php(62): Illuminate\Database\Console\Migrations\MigrateCommand->prepareDatabase()
#17 [internal function]: Illuminate\Database\Console\Migrations\MigrateCommand->fire()
#18 C:\xampp1\htdocs\LaravelRepo\private\vendor\laravel\framework\src\Illuminate\Container\BoundMethod.php(29): call_user_func_array(Array, Array)
#19 C:\xampp1\htdocs\LaravelRepo\private\vendor\laravel\framework\src\Illuminate\Container\BoundMethod.php(87): Illuminate\Container\BoundMethod::Illuminate\Container\{closure}()
#20 C:\xampp1\htdocs\LaravelRepo\private\vendor\laravel\framework\src\Illuminate\Container\BoundMethod.php(31): Illuminate\Container\BoundMethod::callBoundMethod(Object(Illuminate\Foundation\Application), Array, Object(Closure))
#21 C:\xampp1\htdocs\LaravelRepo\private\vendor\laravel\framework\src\Illuminate\Container\Container.php(524): Illuminate\Container\BoundMethod::call(Object(Illuminate\Foundation\Application), Array, Array, NULL)
#22 C:\xampp1\htdocs\LaravelRepo\private\vendor\laravel\framework\src\Illuminate\Console\Command.php(182): Illuminate\Container\Container->call(Array)
#23 C:\xampp1\htdocs\LaravelRepo\private\vendor\symfony\console\Command\Command.php(265): Illuminate\Console\Command->execute(Object(Symfony\Component\Console\Input\ArgvInput), Object(Illuminate\Console\OutputStyle))
#24 C:\xampp1\htdocs\LaravelRepo\private\vendor\laravel\framework\src\Illuminate\Console\Command.php(167): Symfony\Component\Console\Command\Command->run(Object(Symfony\Component\Console\Input\ArgvInput), Object(Illuminate\Console\OutputStyle))
#25 C:\xampp1\htdocs\LaravelRepo\private\vendor\symfony\console\Application.php(826): Illuminate\Console\Command->run(Object(Symfony\Component\Console\Input\ArgvInput), Object(Symfony\Component\Console\Output\ConsoleOutput))
#26 C:\xampp1\htdocs\LaravelRepo\private\vendor\symfony\console\Application.php(189): Symfony\Component\Console\Application->doRunCommand(Object(Illuminate\Database\Console\Migrations\MigrateCommand), Object(Symfony\Component\Console\Input\ArgvInput), Object(Symfony\Component\Console\Output\ConsoleOutput))
#27 C:\xampp1\htdocs\LaravelRepo\private\vendor\symfony\console\Application.php(120): Symfony\Component\Console\Application->doRun(Object(Symfony\Component\Console\Input\ArgvInput), Object(Symfony\Component\Console\Output\ConsoleOutput))
#28 C:\xampp1\htdocs\LaravelRepo\private\vendor\laravel\framework\src\Illuminate\Foundation\Console\Kernel.php(123): Symfony\Component\Console\Application->run(Object(Symfony\Component\Console\Input\ArgvInput), Object(Symfony\Component\Console\Output\ConsoleOutput))
#29 C:\xampp1\htdocs\LaravelRepo\private\artisan(35): Illuminate\Foundation\Console\Kernel->handle(Object(Symfony\Component\Console\Input\ArgvInput), Object(Symfony\Component\Console\Output\ConsoleOutput))
#30 {main}  
[2017-03-20 09:20:25] local.ERROR: PDOException: SQLSTATE[08006] [7] FATAL:  password authentication failed for user "tester" in C:\xampp1\htdocs\LaravelRepo\private\vendor\laravel\framework\src\Illuminate\Database\Connectors\Connector.php:68
Stack trace:
#0 C:\xampp1\htdocs\LaravelRepo\private\vendor\laravel\framework\src\Illuminate\Database\Connectors\Connector.php(68): PDO->__construct('pgsql:host=127....', 'tester', 'arsenal9', Array)
#1 C:\xampp1\htdocs\LaravelRepo\private\vendor\laravel\framework\src\Illuminate\Database\Connectors\Connector.php(43): Illuminate\Database\Connectors\Connector->createPdoConnection('pgsql:host=127....', 'tester', 'arsenal9', Array)
#2 C:\xampp1\htdocs\LaravelRepo\private\vendor\laravel\framework\src\Illuminate\Database\Connectors\PostgresConnector.php(33): Illuminate\Database\Connectors\Connector->createConnection('pgsql:host=127....', Array, Array)
#3 C:\xampp1\htdocs\LaravelRepo\private\vendor\laravel\framework\src\Illuminate\Database\Connectors\ConnectionFactory.php(183): Illuminate\Database\Connectors\PostgresConnector->connect(Array)
#4 [internal function]: Illuminate\Database\Connectors\ConnectionFactory->Illuminate\Database\Connectors\{closure}()
#5 C:\xampp1\htdocs\LaravelRepo\private\vendor\laravel\framework\src\Illuminate\Database\Connection.php(882): call_user_func(Object(Closure))
#6 C:\xampp1\htdocs\LaravelRepo\private\vendor\laravel\framework\src\Illuminate\Database\Connection.php(903): Illuminate\Database\Connection->getPdo()
#7 C:\xampp1\htdocs\LaravelRepo\private\vendor\laravel\framework\src\Illuminate\Database\Connection.php(392): Illuminate\Database\Connection->getReadPdo()
#8 C:\xampp1\htdocs\LaravelRepo\private\vendor\laravel\framework\src\Illuminate\Database\Connection.php(318): Illuminate\Database\Connection->getPdoForSelect(true)
#9 C:\xampp1\htdocs\LaravelRepo\private\vendor\laravel\framework\src\Illuminate\Database\Connection.php(640): Illuminate\Database\Connection->Illuminate\Database\{closure}('select * from i...', Array)
#10 C:\xampp1\htdocs\LaravelRepo\private\vendor\laravel\framework\src\Illuminate\Database\Connection.php(607): Illuminate\Database\Connection->runQueryCallback('select * from i...', Array, Object(Closure))
#11 C:\xampp1\htdocs\LaravelRepo\private\vendor\laravel\framework\src\Illuminate\Database\Connection.php(326): Illuminate\Database\Connection->run('select * from i...', Array, Object(Closure))
#12 C:\xampp1\htdocs\LaravelRepo\private\vendor\laravel\framework\src\Illuminate\Database\Schema\PostgresBuilder.php(24): Illuminate\Database\Connection->select('select * from i...', Array)
#13 C:\xampp1\htdocs\LaravelRepo\private\vendor\laravel\framework\src\Illuminate\Database\Migrations\DatabaseMigrationRepository.php(154): Illuminate\Database\Schema\PostgresBuilder->hasTable('migrations')
#14 C:\xampp1\htdocs\LaravelRepo\private\vendor\laravel\framework\src\Illuminate\Database\Migrations\Migrator.php(530): Illuminate\Database\Migrations\DatabaseMigrationRepository->repositoryExists()
#15 C:\xampp1\htdocs\LaravelRepo\private\vendor\laravel\framework\src\Illuminate\Database\Console\Migrations\MigrateCommand.php(96): Illuminate\Database\Migrations\Migrator->repositoryExists()
#16 C:\xampp1\htdocs\LaravelRepo\private\vendor\laravel\framework\src\Illuminate\Database\Console\Migrations\MigrateCommand.php(62): Illuminate\Database\Console\Migrations\MigrateCommand->prepareDatabase()
#17 [internal function]: Illuminate\Database\Console\Migrations\MigrateCommand->fire()
#18 C:\xampp1\htdocs\LaravelRepo\private\vendor\laravel\framework\src\Illuminate\Container\BoundMethod.php(29): call_user_func_array(Array, Array)
#19 C:\xampp1\htdocs\LaravelRepo\private\vendor\laravel\framework\src\Illuminate\Container\BoundMethod.php(87): Illuminate\Container\BoundMethod::Illuminate\Container\{closure}()
#20 C:\xampp1\htdocs\LaravelRepo\private\vendor\laravel\framework\src\Illuminate\Container\BoundMethod.php(31): Illuminate\Container\BoundMethod::callBoundMethod(Object(Illuminate\Foundation\Application), Array, Object(Closure))
#21 C:\xampp1\htdocs\LaravelRepo\private\vendor\laravel\framework\src\Illuminate\Container\Container.php(524): Illuminate\Container\BoundMethod::call(Object(Illuminate\Foundation\Application), Array, Array, NULL)
#22 C:\xampp1\htdocs\LaravelRepo\private\vendor\laravel\framework\src\Illuminate\Console\Command.php(182): Illuminate\Container\Container->call(Array)
#23 C:\xampp1\htdocs\LaravelRepo\private\vendor\symfony\console\Command\Command.php(265): Illuminate\Console\Command->execute(Object(Symfony\Component\Console\Input\ArgvInput), Object(Illuminate\Console\OutputStyle))
#24 C:\xampp1\htdocs\LaravelRepo\private\vendor\laravel\framework\src\Illuminate\Console\Command.php(167): Symfony\Component\Console\Command\Command->run(Object(Symfony\Component\Console\Input\ArgvInput), Object(Illuminate\Console\OutputStyle))
#25 C:\xampp1\htdocs\LaravelRepo\private\vendor\symfony\console\Application.php(826): Illuminate\Console\Command->run(Object(Symfony\Component\Console\Input\ArgvInput), Object(Symfony\Component\Console\Output\ConsoleOutput))
#26 C:\xampp1\htdocs\LaravelRepo\private\vendor\symfony\console\Application.php(189): Symfony\Component\Console\Application->doRunCommand(Object(Illuminate\Database\Console\Migrations\MigrateCommand), Object(Symfony\Component\Console\Input\ArgvInput), Object(Symfony\Component\Console\Output\ConsoleOutput))
#27 C:\xampp1\htdocs\LaravelRepo\private\vendor\symfony\console\Application.php(120): Symfony\Component\Console\Application->doRun(Object(Symfony\Component\Console\Input\ArgvInput), Object(Symfony\Component\Console\Output\ConsoleOutput))
#28 C:\xampp1\htdocs\LaravelRepo\private\vendor\laravel\framework\src\Illuminate\Foundation\Console\Kernel.php(123): Symfony\Component\Console\Application->run(Object(Symfony\Component\Console\Input\ArgvInput), Object(Symfony\Component\Console\Output\ConsoleOutput))
#29 C:\xampp1\htdocs\LaravelRepo\private\artisan(35): Illuminate\Foundation\Console\Kernel->handle(Object(Symfony\Component\Console\Input\ArgvInput), Object(Symfony\Component\Console\Output\ConsoleOutput))
#30 {main}

Next Illuminate\Database\QueryException: SQLSTATE[08006] [7] FATAL:  password authentication failed for user "tester" (SQL: select * from information_schema.tables where table_schema = public and table_name = migrations) in C:\xampp1\htdocs\LaravelRepo\private\vendor\laravel\framework\src\Illuminate\Database\Connection.php:647
Stack trace:
#0 C:\xampp1\htdocs\LaravelRepo\private\vendor\laravel\framework\src\Illuminate\Database\Connection.php(607): Illuminate\Database\Connection->runQueryCallback('select * from i...', Array, Object(Closure))
#1 C:\xampp1\htdocs\LaravelRepo\private\vendor\laravel\framework\src\Illuminate\Database\Connection.php(326): Illuminate\Database\Connection->run('select * from i...', Array, Object(Closure))
#2 C:\xampp1\htdocs\LaravelRepo\private\vendor\laravel\framework\src\Illuminate\Database\Schema\PostgresBuilder.php(24): Illuminate\Database\Connection->select('select * from i...', Array)
#3 C:\xampp1\htdocs\LaravelRepo\private\vendor\laravel\framework\src\Illuminate\Database\Migrations\DatabaseMigrationRepository.php(154): Illuminate\Database\Schema\PostgresBuilder->hasTable('migrations')
#4 C:\xampp1\htdocs\LaravelRepo\private\vendor\laravel\framework\src\Illuminate\Database\Migrations\Migrator.php(530): Illuminate\Database\Migrations\DatabaseMigrationRepository->repositoryExists()
#5 C:\xampp1\htdocs\LaravelRepo\private\vendor\laravel\framework\src\Illuminate\Database\Console\Migrations\MigrateCommand.php(96): Illuminate\Database\Migrations\Migrator->repositoryExists()
#6 C:\xampp1\htdocs\LaravelRepo\private\vendor\laravel\framework\src\Illuminate\Database\Console\Migrations\MigrateCommand.php(62): Illuminate\Database\Console\Migrations\MigrateCommand->prepareDatabase()
#7 [internal function]: Illuminate\Database\Console\Migrations\MigrateCommand->fire()
#8 C:\xampp1\htdocs\LaravelRepo\private\vendor\laravel\framework\src\Illuminate\Container\BoundMethod.php(29): call_user_func_array(Array, Array)
#9 C:\xampp1\htdocs\LaravelRepo\private\vendor\laravel\framework\src\Illuminate\Container\BoundMethod.php(87): Illuminate\Container\BoundMethod::Illuminate\Container\{closure}()
#10 C:\xampp1\htdocs\LaravelRepo\private\vendor\laravel\framework\src\Illuminate\Container\BoundMethod.php(31): Illuminate\Container\BoundMethod::callBoundMethod(Object(Illuminate\Foundation\Application), Array, Object(Closure))
#11 C:\xampp1\htdocs\LaravelRepo\private\vendor\laravel\framework\src\Illuminate\Container\Container.php(524): Illuminate\Container\BoundMethod::call(Object(Illuminate\Foundation\Application), Array, Array, NULL)
#12 C:\xampp1\htdocs\LaravelRepo\private\vendor\laravel\framework\src\Illuminate\Console\Command.php(182): Illuminate\Container\Container->call(Array)
#13 C:\xampp1\htdocs\LaravelRepo\private\vendor\symfony\console\Command\Command.php(265): Illuminate\Console\Command->execute(Object(Symfony\Component\Console\Input\ArgvInput), Object(Illuminate\Console\OutputStyle))
#14 C:\xampp1\htdocs\LaravelRepo\private\vendor\laravel\framework\src\Illuminate\Console\Command.php(167): Symfony\Component\Console\Command\Command->run(Object(Symfony\Component\Console\Input\ArgvInput), Object(Illuminate\Console\OutputStyle))
#15 C:\xampp1\htdocs\LaravelRepo\private\vendor\symfony\console\Application.php(826): Illuminate\Console\Command->run(Object(Symfony\Component\Console\Input\ArgvInput), Object(Symfony\Component\Console\Output\ConsoleOutput))
#16 C:\xampp1\htdocs\LaravelRepo\private\vendor\symfony\console\Application.php(189): Symfony\Component\Console\Application->doRunCommand(Object(Illuminate\Database\Console\Migrations\MigrateCommand), Object(Symfony\Component\Console\Input\ArgvInput), Object(Symfony\Component\Console\Output\ConsoleOutput))
#17 C:\xampp1\htdocs\LaravelRepo\private\vendor\symfony\console\Application.php(120): Symfony\Component\Console\Application->doRun(Object(Symfony\Component\Console\Input\ArgvInput), Object(Symfony\Component\Console\Output\ConsoleOutput))
#18 C:\xampp1\htdocs\LaravelRepo\private\vendor\laravel\framework\src\Illuminate\Foundation\Console\Kernel.php(123): Symfony\Component\Console\Application->run(Object(Symfony\Component\Console\Input\ArgvInput), Object(Symfony\Component\Console\Output\ConsoleOutput))
#19 C:\xampp1\htdocs\LaravelRepo\private\artisan(35): Illuminate\Foundation\Console\Kernel->handle(Object(Symfony\Component\Console\Input\ArgvInput), Object(Symfony\Component\Console\Output\ConsoleOutput))
#20 {main}  
[2017-03-20 09:21:28] local.ERROR: PDOException: SQLSTATE[08006] [7] FATAL:  password authentication failed for user "postgres" in C:\xampp1\htdocs\LaravelRepo\private\vendor\laravel\framework\src\Illuminate\Database\Connectors\Connector.php:68
Stack trace:
#0 C:\xampp1\htdocs\LaravelRepo\private\vendor\laravel\framework\src\Illuminate\Database\Connectors\Connector.php(68): PDO->__construct('pgsql:host=127....', 'postgres', 'arsenal9', Array)
#1 C:\xampp1\htdocs\LaravelRepo\private\vendor\laravel\framework\src\Illuminate\Database\Connectors\Connector.php(43): Illuminate\Database\Connectors\Connector->createPdoConnection('pgsql:host=127....', 'postgres', 'arsenal9', Array)
#2 C:\xampp1\htdocs\LaravelRepo\private\vendor\laravel\framework\src\Illuminate\Database\Connectors\PostgresConnector.php(33): Illuminate\Database\Connectors\Connector->createConnection('pgsql:host=127....', Array, Array)
#3 C:\xampp1\htdocs\LaravelRepo\private\vendor\laravel\framework\src\Illuminate\Database\Connectors\ConnectionFactory.php(183): Illuminate\Database\Connectors\PostgresConnector->connect(Array)
#4 [internal function]: Illuminate\Database\Connectors\ConnectionFactory->Illuminate\Database\Connectors\{closure}()
#5 C:\xampp1\htdocs\LaravelRepo\private\vendor\laravel\framework\src\Illuminate\Database\Connection.php(882): call_user_func(Object(Closure))
#6 C:\xampp1\htdocs\LaravelRepo\private\vendor\laravel\framework\src\Illuminate\Database\Connection.php(903): Illuminate\Database\Connection->getPdo()
#7 C:\xampp1\htdocs\LaravelRepo\private\vendor\laravel\framework\src\Illuminate\Database\Connection.php(392): Illuminate\Database\Connection->getReadPdo()
#8 C:\xampp1\htdocs\LaravelRepo\private\vendor\laravel\framework\src\Illuminate\Database\Connection.php(318): Illuminate\Database\Connection->getPdoForSelect(true)
#9 C:\xampp1\htdocs\LaravelRepo\private\vendor\laravel\framework\src\Illuminate\Database\Connection.php(640): Illuminate\Database\Connection->Illuminate\Database\{closure}('select * from i...', Array)
#10 C:\xampp1\htdocs\LaravelRepo\private\vendor\laravel\framework\src\Illuminate\Database\Connection.php(607): Illuminate\Database\Connection->runQueryCallback('select * from i...', Array, Object(Closure))
#11 C:\xampp1\htdocs\LaravelRepo\private\vendor\laravel\framework\src\Illuminate\Database\Connection.php(326): Illuminate\Database\Connection->run('select * from i...', Array, Object(Closure))
#12 C:\xampp1\htdocs\LaravelRepo\private\vendor\laravel\framework\src\Illuminate\Database\Schema\PostgresBuilder.php(24): Illuminate\Database\Connection->select('select * from i...', Array)
#13 C:\xampp1\htdocs\LaravelRepo\private\vendor\laravel\framework\src\Illuminate\Database\Migrations\DatabaseMigrationRepository.php(154): Illuminate\Database\Schema\PostgresBuilder->hasTable('migrations')
#14 C:\xampp1\htdocs\LaravelRepo\private\vendor\laravel\framework\src\Illuminate\Database\Migrations\Migrator.php(530): Illuminate\Database\Migrations\DatabaseMigrationRepository->repositoryExists()
#15 C:\xampp1\htdocs\LaravelRepo\private\vendor\laravel\framework\src\Illuminate\Database\Console\Migrations\MigrateCommand.php(96): Illuminate\Database\Migrations\Migrator->repositoryExists()
#16 C:\xampp1\htdocs\LaravelRepo\private\vendor\laravel\framework\src\Illuminate\Database\Console\Migrations\MigrateCommand.php(62): Illuminate\Database\Console\Migrations\MigrateCommand->prepareDatabase()
#17 [internal function]: Illuminate\Database\Console\Migrations\MigrateCommand->fire()
#18 C:\xampp1\htdocs\LaravelRepo\private\vendor\laravel\framework\src\Illuminate\Container\BoundMethod.php(29): call_user_func_array(Array, Array)
#19 C:\xampp1\htdocs\LaravelRepo\private\vendor\laravel\framework\src\Illuminate\Container\BoundMethod.php(87): Illuminate\Container\BoundMethod::Illuminate\Container\{closure}()
#20 C:\xampp1\htdocs\LaravelRepo\private\vendor\laravel\framework\src\Illuminate\Container\BoundMethod.php(31): Illuminate\Container\BoundMethod::callBoundMethod(Object(Illuminate\Foundation\Application), Array, Object(Closure))
#21 C:\xampp1\htdocs\LaravelRepo\private\vendor\laravel\framework\src\Illuminate\Container\Container.php(524): Illuminate\Container\BoundMethod::call(Object(Illuminate\Foundation\Application), Array, Array, NULL)
#22 C:\xampp1\htdocs\LaravelRepo\private\vendor\laravel\framework\src\Illuminate\Console\Command.php(182): Illuminate\Container\Container->call(Array)
#23 C:\xampp1\htdocs\LaravelRepo\private\vendor\symfony\console\Command\Command.php(265): Illuminate\Console\Command->execute(Object(Symfony\Component\Console\Input\ArgvInput), Object(Illuminate\Console\OutputStyle))
#24 C:\xampp1\htdocs\LaravelRepo\private\vendor\laravel\framework\src\Illuminate\Console\Command.php(167): Symfony\Component\Console\Command\Command->run(Object(Symfony\Component\Console\Input\ArgvInput), Object(Illuminate\Console\OutputStyle))
#25 C:\xampp1\htdocs\LaravelRepo\private\vendor\symfony\console\Application.php(826): Illuminate\Console\Command->run(Object(Symfony\Component\Console\Input\ArgvInput), Object(Symfony\Component\Console\Output\ConsoleOutput))
#26 C:\xampp1\htdocs\LaravelRepo\private\vendor\symfony\console\Application.php(189): Symfony\Component\Console\Application->doRunCommand(Object(Illuminate\Database\Console\Migrations\MigrateCommand), Object(Symfony\Component\Console\Input\ArgvInput), Object(Symfony\Component\Console\Output\ConsoleOutput))
#27 C:\xampp1\htdocs\LaravelRepo\private\vendor\symfony\console\Application.php(120): Symfony\Component\Console\Application->doRun(Object(Symfony\Component\Console\Input\ArgvInput), Object(Symfony\Component\Console\Output\ConsoleOutput))
#28 C:\xampp1\htdocs\LaravelRepo\private\vendor\laravel\framework\src\Illuminate\Foundation\Console\Kernel.php(123): Symfony\Component\Console\Application->run(Object(Symfony\Component\Console\Input\ArgvInput), Object(Symfony\Component\Console\Output\ConsoleOutput))
#29 C:\xampp1\htdocs\LaravelRepo\private\artisan(35): Illuminate\Foundation\Console\Kernel->handle(Object(Symfony\Component\Console\Input\ArgvInput), Object(Symfony\Component\Console\Output\ConsoleOutput))
#30 {main}  
[2017-03-20 09:21:28] local.ERROR: PDOException: SQLSTATE[08006] [7] FATAL:  password authentication failed for user "postgres" in C:\xampp1\htdocs\LaravelRepo\private\vendor\laravel\framework\src\Illuminate\Database\Connectors\Connector.php:68
Stack trace:
#0 C:\xampp1\htdocs\LaravelRepo\private\vendor\laravel\framework\src\Illuminate\Database\Connectors\Connector.php(68): PDO->__construct('pgsql:host=127....', 'postgres', 'arsenal9', Array)
#1 C:\xampp1\htdocs\LaravelRepo\private\vendor\laravel\framework\src\Illuminate\Database\Connectors\Connector.php(43): Illuminate\Database\Connectors\Connector->createPdoConnection('pgsql:host=127....', 'postgres', 'arsenal9', Array)
#2 C:\xampp1\htdocs\LaravelRepo\private\vendor\laravel\framework\src\Illuminate\Database\Connectors\PostgresConnector.php(33): Illuminate\Database\Connectors\Connector->createConnection('pgsql:host=127....', Array, Array)
#3 C:\xampp1\htdocs\LaravelRepo\private\vendor\laravel\framework\src\Illuminate\Database\Connectors\ConnectionFactory.php(183): Illuminate\Database\Connectors\PostgresConnector->connect(Array)
#4 [internal function]: Illuminate\Database\Connectors\ConnectionFactory->Illuminate\Database\Connectors\{closure}()
#5 C:\xampp1\htdocs\LaravelRepo\private\vendor\laravel\framework\src\Illuminate\Database\Connection.php(882): call_user_func(Object(Closure))
#6 C:\xampp1\htdocs\LaravelRepo\private\vendor\laravel\framework\src\Illuminate\Database\Connection.php(903): Illuminate\Database\Connection->getPdo()
#7 C:\xampp1\htdocs\LaravelRepo\private\vendor\laravel\framework\src\Illuminate\Database\Connection.php(392): Illuminate\Database\Connection->getReadPdo()
#8 C:\xampp1\htdocs\LaravelRepo\private\vendor\laravel\framework\src\Illuminate\Database\Connection.php(318): Illuminate\Database\Connection->getPdoForSelect(true)
#9 C:\xampp1\htdocs\LaravelRepo\private\vendor\laravel\framework\src\Illuminate\Database\Connection.php(640): Illuminate\Database\Connection->Illuminate\Database\{closure}('select * from i...', Array)
#10 C:\xampp1\htdocs\LaravelRepo\private\vendor\laravel\framework\src\Illuminate\Database\Connection.php(607): Illuminate\Database\Connection->runQueryCallback('select * from i...', Array, Object(Closure))
#11 C:\xampp1\htdocs\LaravelRepo\private\vendor\laravel\framework\src\Illuminate\Database\Connection.php(326): Illuminate\Database\Connection->run('select * from i...', Array, Object(Closure))
#12 C:\xampp1\htdocs\LaravelRepo\private\vendor\laravel\framework\src\Illuminate\Database\Schema\PostgresBuilder.php(24): Illuminate\Database\Connection->select('select * from i...', Array)
#13 C:\xampp1\htdocs\LaravelRepo\private\vendor\laravel\framework\src\Illuminate\Database\Migrations\DatabaseMigrationRepository.php(154): Illuminate\Database\Schema\PostgresBuilder->hasTable('migrations')
#14 C:\xampp1\htdocs\LaravelRepo\private\vendor\laravel\framework\src\Illuminate\Database\Migrations\Migrator.php(530): Illuminate\Database\Migrations\DatabaseMigrationRepository->repositoryExists()
#15 C:\xampp1\htdocs\LaravelRepo\private\vendor\laravel\framework\src\Illuminate\Database\Console\Migrations\MigrateCommand.php(96): Illuminate\Database\Migrations\Migrator->repositoryExists()
#16 C:\xampp1\htdocs\LaravelRepo\private\vendor\laravel\framework\src\Illuminate\Database\Console\Migrations\MigrateCommand.php(62): Illuminate\Database\Console\Migrations\MigrateCommand->prepareDatabase()
#17 [internal function]: Illuminate\Database\Console\Migrations\MigrateCommand->fire()
#18 C:\xampp1\htdocs\LaravelRepo\private\vendor\laravel\framework\src\Illuminate\Container\BoundMethod.php(29): call_user_func_array(Array, Array)
#19 C:\xampp1\htdocs\LaravelRepo\private\vendor\laravel\framework\src\Illuminate\Container\BoundMethod.php(87): Illuminate\Container\BoundMethod::Illuminate\Container\{closure}()
#20 C:\xampp1\htdocs\LaravelRepo\private\vendor\laravel\framework\src\Illuminate\Container\BoundMethod.php(31): Illuminate\Container\BoundMethod::callBoundMethod(Object(Illuminate\Foundation\Application), Array, Object(Closure))
#21 C:\xampp1\htdocs\LaravelRepo\private\vendor\laravel\framework\src\Illuminate\Container\Container.php(524): Illuminate\Container\BoundMethod::call(Object(Illuminate\Foundation\Application), Array, Array, NULL)
#22 C:\xampp1\htdocs\LaravelRepo\private\vendor\laravel\framework\src\Illuminate\Console\Command.php(182): Illuminate\Container\Container->call(Array)
#23 C:\xampp1\htdocs\LaravelRepo\private\vendor\symfony\console\Command\Command.php(265): Illuminate\Console\Command->execute(Object(Symfony\Component\Console\Input\ArgvInput), Object(Illuminate\Console\OutputStyle))
#24 C:\xampp1\htdocs\LaravelRepo\private\vendor\laravel\framework\src\Illuminate\Console\Command.php(167): Symfony\Component\Console\Command\Command->run(Object(Symfony\Component\Console\Input\ArgvInput), Object(Illuminate\Console\OutputStyle))
#25 C:\xampp1\htdocs\LaravelRepo\private\vendor\symfony\console\Application.php(826): Illuminate\Console\Command->run(Object(Symfony\Component\Console\Input\ArgvInput), Object(Symfony\Component\Console\Output\ConsoleOutput))
#26 C:\xampp1\htdocs\LaravelRepo\private\vendor\symfony\console\Application.php(189): Symfony\Component\Console\Application->doRunCommand(Object(Illuminate\Database\Console\Migrations\MigrateCommand), Object(Symfony\Component\Console\Input\ArgvInput), Object(Symfony\Component\Console\Output\ConsoleOutput))
#27 C:\xampp1\htdocs\LaravelRepo\private\vendor\symfony\console\Application.php(120): Symfony\Component\Console\Application->doRun(Object(Symfony\Component\Console\Input\ArgvInput), Object(Symfony\Component\Console\Output\ConsoleOutput))
#28 C:\xampp1\htdocs\LaravelRepo\private\vendor\laravel\framework\src\Illuminate\Foundation\Console\Kernel.php(123): Symfony\Component\Console\Application->run(Object(Symfony\Component\Console\Input\ArgvInput), Object(Symfony\Component\Console\Output\ConsoleOutput))
#29 C:\xampp1\htdocs\LaravelRepo\private\artisan(35): Illuminate\Foundation\Console\Kernel->handle(Object(Symfony\Component\Console\Input\ArgvInput), Object(Symfony\Component\Console\Output\ConsoleOutput))
#30 {main}

Next Illuminate\Database\QueryException: SQLSTATE[08006] [7] FATAL:  password authentication failed for user "postgres" (SQL: select * from information_schema.tables where table_schema = public and table_name = migrations) in C:\xampp1\htdocs\LaravelRepo\private\vendor\laravel\framework\src\Illuminate\Database\Connection.php:647
Stack trace:
#0 C:\xampp1\htdocs\LaravelRepo\private\vendor\laravel\framework\src\Illuminate\Database\Connection.php(607): Illuminate\Database\Connection->runQueryCallback('select * from i...', Array, Object(Closure))
#1 C:\xampp1\htdocs\LaravelRepo\private\vendor\laravel\framework\src\Illuminate\Database\Connection.php(326): Illuminate\Database\Connection->run('select * from i...', Array, Object(Closure))
#2 C:\xampp1\htdocs\LaravelRepo\private\vendor\laravel\framework\src\Illuminate\Database\Schema\PostgresBuilder.php(24): Illuminate\Database\Connection->select('select * from i...', Array)
#3 C:\xampp1\htdocs\LaravelRepo\private\vendor\laravel\framework\src\Illuminate\Database\Migrations\DatabaseMigrationRepository.php(154): Illuminate\Database\Schema\PostgresBuilder->hasTable('migrations')
#4 C:\xampp1\htdocs\LaravelRepo\private\vendor\laravel\framework\src\Illuminate\Database\Migrations\Migrator.php(530): Illuminate\Database\Migrations\DatabaseMigrationRepository->repositoryExists()
#5 C:\xampp1\htdocs\LaravelRepo\private\vendor\laravel\framework\src\Illuminate\Database\Console\Migrations\MigrateCommand.php(96): Illuminate\Database\Migrations\Migrator->repositoryExists()
#6 C:\xampp1\htdocs\LaravelRepo\private\vendor\laravel\framework\src\Illuminate\Database\Console\Migrations\MigrateCommand.php(62): Illuminate\Database\Console\Migrations\MigrateCommand->prepareDatabase()
#7 [internal function]: Illuminate\Database\Console\Migrations\MigrateCommand->fire()
#8 C:\xampp1\htdocs\LaravelRepo\private\vendor\laravel\framework\src\Illuminate\Container\BoundMethod.php(29): call_user_func_array(Array, Array)
#9 C:\xampp1\htdocs\LaravelRepo\private\vendor\laravel\framework\src\Illuminate\Container\BoundMethod.php(87): Illuminate\Container\BoundMethod::Illuminate\Container\{closure}()
#10 C:\xampp1\htdocs\LaravelRepo\private\vendor\laravel\framework\src\Illuminate\Container\BoundMethod.php(31): Illuminate\Container\BoundMethod::callBoundMethod(Object(Illuminate\Foundation\Application), Array, Object(Closure))
#11 C:\xampp1\htdocs\LaravelRepo\private\vendor\laravel\framework\src\Illuminate\Container\Container.php(524): Illuminate\Container\BoundMethod::call(Object(Illuminate\Foundation\Application), Array, Array, NULL)
#12 C:\xampp1\htdocs\LaravelRepo\private\vendor\laravel\framework\src\Illuminate\Console\Command.php(182): Illuminate\Container\Container->call(Array)
#13 C:\xampp1\htdocs\LaravelRepo\private\vendor\symfony\console\Command\Command.php(265): Illuminate\Console\Command->execute(Object(Symfony\Component\Console\Input\ArgvInput), Object(Illuminate\Console\OutputStyle))
#14 C:\xampp1\htdocs\LaravelRepo\private\vendor\laravel\framework\src\Illuminate\Console\Command.php(167): Symfony\Component\Console\Command\Command->run(Object(Symfony\Component\Console\Input\ArgvInput), Object(Illuminate\Console\OutputStyle))
#15 C:\xampp1\htdocs\LaravelRepo\private\vendor\symfony\console\Application.php(826): Illuminate\Console\Command->run(Object(Symfony\Component\Console\Input\ArgvInput), Object(Symfony\Component\Console\Output\ConsoleOutput))
#16 C:\xampp1\htdocs\LaravelRepo\private\vendor\symfony\console\Application.php(189): Symfony\Component\Console\Application->doRunCommand(Object(Illuminate\Database\Console\Migrations\MigrateCommand), Object(Symfony\Component\Console\Input\ArgvInput), Object(Symfony\Component\Console\Output\ConsoleOutput))
#17 C:\xampp1\htdocs\LaravelRepo\private\vendor\symfony\console\Application.php(120): Symfony\Component\Console\Application->doRun(Object(Symfony\Component\Console\Input\ArgvInput), Object(Symfony\Component\Console\Output\ConsoleOutput))
#18 C:\xampp1\htdocs\LaravelRepo\private\vendor\laravel\framework\src\Illuminate\Foundation\Console\Kernel.php(123): Symfony\Component\Console\Application->run(Object(Symfony\Component\Console\Input\ArgvInput), Object(Symfony\Component\Console\Output\ConsoleOutput))
#19 C:\xampp1\htdocs\LaravelRepo\private\artisan(35): Illuminate\Foundation\Console\Kernel->handle(Object(Symfony\Component\Console\Input\ArgvInput), Object(Symfony\Component\Console\Output\ConsoleOutput))
#20 {main}  
[2017-03-20 09:24:59] local.ERROR: PDOException: SQLSTATE[08006] [7] FATAL:  password authentication failed for user "postgres" in C:\xampp1\htdocs\LaravelRepo\private\vendor\laravel\framework\src\Illuminate\Database\Connectors\Connector.php:68
Stack trace:
#0 C:\xampp1\htdocs\LaravelRepo\private\vendor\laravel\framework\src\Illuminate\Database\Connectors\Connector.php(68): PDO->__construct('pgsql:host=127....', 'postgres', 'arsenal9', Array)
#1 C:\xampp1\htdocs\LaravelRepo\private\vendor\laravel\framework\src\Illuminate\Database\Connectors\Connector.php(43): Illuminate\Database\Connectors\Connector->createPdoConnection('pgsql:host=127....', 'postgres', 'arsenal9', Array)
#2 C:\xampp1\htdocs\LaravelRepo\private\vendor\laravel\framework\src\Illuminate\Database\Connectors\PostgresConnector.php(33): Illuminate\Database\Connectors\Connector->createConnection('pgsql:host=127....', Array, Array)
#3 C:\xampp1\htdocs\LaravelRepo\private\vendor\laravel\framework\src\Illuminate\Database\Connectors\ConnectionFactory.php(183): Illuminate\Database\Connectors\PostgresConnector->connect(Array)
#4 [internal function]: Illuminate\Database\Connectors\ConnectionFactory->Illuminate\Database\Connectors\{closure}()
#5 C:\xampp1\htdocs\LaravelRepo\private\vendor\laravel\framework\src\Illuminate\Database\Connection.php(882): call_user_func(Object(Closure))
#6 C:\xampp1\htdocs\LaravelRepo\private\vendor\laravel\framework\src\Illuminate\Database\Connection.php(903): Illuminate\Database\Connection->getPdo()
#7 C:\xampp1\htdocs\LaravelRepo\private\vendor\laravel\framework\src\Illuminate\Database\Connection.php(392): Illuminate\Database\Connection->getReadPdo()
#8 C:\xampp1\htdocs\LaravelRepo\private\vendor\laravel\framework\src\Illuminate\Database\Connection.php(318): Illuminate\Database\Connection->getPdoForSelect(true)
#9 C:\xampp1\htdocs\LaravelRepo\private\vendor\laravel\framework\src\Illuminate\Database\Connection.php(640): Illuminate\Database\Connection->Illuminate\Database\{closure}('select * from i...', Array)
#10 C:\xampp1\htdocs\LaravelRepo\private\vendor\laravel\framework\src\Illuminate\Database\Connection.php(607): Illuminate\Database\Connection->runQueryCallback('select * from i...', Array, Object(Closure))
#11 C:\xampp1\htdocs\LaravelRepo\private\vendor\laravel\framework\src\Illuminate\Database\Connection.php(326): Illuminate\Database\Connection->run('select * from i...', Array, Object(Closure))
#12 C:\xampp1\htdocs\LaravelRepo\private\vendor\laravel\framework\src\Illuminate\Database\Schema\PostgresBuilder.php(24): Illuminate\Database\Connection->select('select * from i...', Array)
#13 C:\xampp1\htdocs\LaravelRepo\private\vendor\laravel\framework\src\Illuminate\Database\Migrations\DatabaseMigrationRepository.php(154): Illuminate\Database\Schema\PostgresBuilder->hasTable('migrations')
#14 C:\xampp1\htdocs\LaravelRepo\private\vendor\laravel\framework\src\Illuminate\Database\Migrations\Migrator.php(530): Illuminate\Database\Migrations\DatabaseMigrationRepository->repositoryExists()
#15 C:\xampp1\htdocs\LaravelRepo\private\vendor\laravel\framework\src\Illuminate\Database\Console\Migrations\MigrateCommand.php(96): Illuminate\Database\Migrations\Migrator->repositoryExists()
#16 C:\xampp1\htdocs\LaravelRepo\private\vendor\laravel\framework\src\Illuminate\Database\Console\Migrations\MigrateCommand.php(62): Illuminate\Database\Console\Migrations\MigrateCommand->prepareDatabase()
#17 [internal function]: Illuminate\Database\Console\Migrations\MigrateCommand->fire()
#18 C:\xampp1\htdocs\LaravelRepo\private\vendor\laravel\framework\src\Illuminate\Container\BoundMethod.php(29): call_user_func_array(Array, Array)
#19 C:\xampp1\htdocs\LaravelRepo\private\vendor\laravel\framework\src\Illuminate\Container\BoundMethod.php(87): Illuminate\Container\BoundMethod::Illuminate\Container\{closure}()
#20 C:\xampp1\htdocs\LaravelRepo\private\vendor\laravel\framework\src\Illuminate\Container\BoundMethod.php(31): Illuminate\Container\BoundMethod::callBoundMethod(Object(Illuminate\Foundation\Application), Array, Object(Closure))
#21 C:\xampp1\htdocs\LaravelRepo\private\vendor\laravel\framework\src\Illuminate\Container\Container.php(524): Illuminate\Container\BoundMethod::call(Object(Illuminate\Foundation\Application), Array, Array, NULL)
#22 C:\xampp1\htdocs\LaravelRepo\private\vendor\laravel\framework\src\Illuminate\Console\Command.php(182): Illuminate\Container\Container->call(Array)
#23 C:\xampp1\htdocs\LaravelRepo\private\vendor\symfony\console\Command\Command.php(265): Illuminate\Console\Command->execute(Object(Symfony\Component\Console\Input\ArgvInput), Object(Illuminate\Console\OutputStyle))
#24 C:\xampp1\htdocs\LaravelRepo\private\vendor\laravel\framework\src\Illuminate\Console\Command.php(167): Symfony\Component\Console\Command\Command->run(Object(Symfony\Component\Console\Input\ArgvInput), Object(Illuminate\Console\OutputStyle))
#25 C:\xampp1\htdocs\LaravelRepo\private\vendor\symfony\console\Application.php(826): Illuminate\Console\Command->run(Object(Symfony\Component\Console\Input\ArgvInput), Object(Symfony\Component\Console\Output\ConsoleOutput))
#26 C:\xampp1\htdocs\LaravelRepo\private\vendor\symfony\console\Application.php(189): Symfony\Component\Console\Application->doRunCommand(Object(Illuminate\Database\Console\Migrations\MigrateCommand), Object(Symfony\Component\Console\Input\ArgvInput), Object(Symfony\Component\Console\Output\ConsoleOutput))
#27 C:\xampp1\htdocs\LaravelRepo\private\vendor\symfony\console\Application.php(120): Symfony\Component\Console\Application->doRun(Object(Symfony\Component\Console\Input\ArgvInput), Object(Symfony\Component\Console\Output\ConsoleOutput))
#28 C:\xampp1\htdocs\LaravelRepo\private\vendor\laravel\framework\src\Illuminate\Foundation\Console\Kernel.php(123): Symfony\Component\Console\Application->run(Object(Symfony\Component\Console\Input\ArgvInput), Object(Symfony\Component\Console\Output\ConsoleOutput))
#29 C:\xampp1\htdocs\LaravelRepo\private\artisan(35): Illuminate\Foundation\Console\Kernel->handle(Object(Symfony\Component\Console\Input\ArgvInput), Object(Symfony\Component\Console\Output\ConsoleOutput))
#30 {main}  
[2017-03-20 09:24:59] local.ERROR: PDOException: SQLSTATE[08006] [7] FATAL:  password authentication failed for user "postgres" in C:\xampp1\htdocs\LaravelRepo\private\vendor\laravel\framework\src\Illuminate\Database\Connectors\Connector.php:68
Stack trace:
#0 C:\xampp1\htdocs\LaravelRepo\private\vendor\laravel\framework\src\Illuminate\Database\Connectors\Connector.php(68): PDO->__construct('pgsql:host=127....', 'postgres', 'arsenal9', Array)
#1 C:\xampp1\htdocs\LaravelRepo\private\vendor\laravel\framework\src\Illuminate\Database\Connectors\Connector.php(43): Illuminate\Database\Connectors\Connector->createPdoConnection('pgsql:host=127....', 'postgres', 'arsenal9', Array)
#2 C:\xampp1\htdocs\LaravelRepo\private\vendor\laravel\framework\src\Illuminate\Database\Connectors\PostgresConnector.php(33): Illuminate\Database\Connectors\Connector->createConnection('pgsql:host=127....', Array, Array)
#3 C:\xampp1\htdocs\LaravelRepo\private\vendor\laravel\framework\src\Illuminate\Database\Connectors\ConnectionFactory.php(183): Illuminate\Database\Connectors\PostgresConnector->connect(Array)
#4 [internal function]: Illuminate\Database\Connectors\ConnectionFactory->Illuminate\Database\Connectors\{closure}()
#5 C:\xampp1\htdocs\LaravelRepo\private\vendor\laravel\framework\src\Illuminate\Database\Connection.php(882): call_user_func(Object(Closure))
#6 C:\xampp1\htdocs\LaravelRepo\private\vendor\laravel\framework\src\Illuminate\Database\Connection.php(903): Illuminate\Database\Connection->getPdo()
#7 C:\xampp1\htdocs\LaravelRepo\private\vendor\laravel\framework\src\Illuminate\Database\Connection.php(392): Illuminate\Database\Connection->getReadPdo()
#8 C:\xampp1\htdocs\LaravelRepo\private\vendor\laravel\framework\src\Illuminate\Database\Connection.php(318): Illuminate\Database\Connection->getPdoForSelect(true)
#9 C:\xampp1\htdocs\LaravelRepo\private\vendor\laravel\framework\src\Illuminate\Database\Connection.php(640): Illuminate\Database\Connection->Illuminate\Database\{closure}('select * from i...', Array)
#10 C:\xampp1\htdocs\LaravelRepo\private\vendor\laravel\framework\src\Illuminate\Database\Connection.php(607): Illuminate\Database\Connection->runQueryCallback('select * from i...', Array, Object(Closure))
#11 C:\xampp1\htdocs\LaravelRepo\private\vendor\laravel\framework\src\Illuminate\Database\Connection.php(326): Illuminate\Database\Connection->run('select * from i...', Array, Object(Closure))
#12 C:\xampp1\htdocs\LaravelRepo\private\vendor\laravel\framework\src\Illuminate\Database\Schema\PostgresBuilder.php(24): Illuminate\Database\Connection->select('select * from i...', Array)
#13 C:\xampp1\htdocs\LaravelRepo\private\vendor\laravel\framework\src\Illuminate\Database\Migrations\DatabaseMigrationRepository.php(154): Illuminate\Database\Schema\PostgresBuilder->hasTable('migrations')
#14 C:\xampp1\htdocs\LaravelRepo\private\vendor\laravel\framework\src\Illuminate\Database\Migrations\Migrator.php(530): Illuminate\Database\Migrations\DatabaseMigrationRepository->repositoryExists()
#15 C:\xampp1\htdocs\LaravelRepo\private\vendor\laravel\framework\src\Illuminate\Database\Console\Migrations\MigrateCommand.php(96): Illuminate\Database\Migrations\Migrator->repositoryExists()
#16 C:\xampp1\htdocs\LaravelRepo\private\vendor\laravel\framework\src\Illuminate\Database\Console\Migrations\MigrateCommand.php(62): Illuminate\Database\Console\Migrations\MigrateCommand->prepareDatabase()
#17 [internal function]: Illuminate\Database\Console\Migrations\MigrateCommand->fire()
#18 C:\xampp1\htdocs\LaravelRepo\private\vendor\laravel\framework\src\Illuminate\Container\BoundMethod.php(29): call_user_func_array(Array, Array)
#19 C:\xampp1\htdocs\LaravelRepo\private\vendor\laravel\framework\src\Illuminate\Container\BoundMethod.php(87): Illuminate\Container\BoundMethod::Illuminate\Container\{closure}()
#20 C:\xampp1\htdocs\LaravelRepo\private\vendor\laravel\framework\src\Illuminate\Container\BoundMethod.php(31): Illuminate\Container\BoundMethod::callBoundMethod(Object(Illuminate\Foundation\Application), Array, Object(Closure))
#21 C:\xampp1\htdocs\LaravelRepo\private\vendor\laravel\framework\src\Illuminate\Container\Container.php(524): Illuminate\Container\BoundMethod::call(Object(Illuminate\Foundation\Application), Array, Array, NULL)
#22 C:\xampp1\htdocs\LaravelRepo\private\vendor\laravel\framework\src\Illuminate\Console\Command.php(182): Illuminate\Container\Container->call(Array)
#23 C:\xampp1\htdocs\LaravelRepo\private\vendor\symfony\console\Command\Command.php(265): Illuminate\Console\Command->execute(Object(Symfony\Component\Console\Input\ArgvInput), Object(Illuminate\Console\OutputStyle))
#24 C:\xampp1\htdocs\LaravelRepo\private\vendor\laravel\framework\src\Illuminate\Console\Command.php(167): Symfony\Component\Console\Command\Command->run(Object(Symfony\Component\Console\Input\ArgvInput), Object(Illuminate\Console\OutputStyle))
#25 C:\xampp1\htdocs\LaravelRepo\private\vendor\symfony\console\Application.php(826): Illuminate\Console\Command->run(Object(Symfony\Component\Console\Input\ArgvInput), Object(Symfony\Component\Console\Output\ConsoleOutput))
#26 C:\xampp1\htdocs\LaravelRepo\private\vendor\symfony\console\Application.php(189): Symfony\Component\Console\Application->doRunCommand(Object(Illuminate\Database\Console\Migrations\MigrateCommand), Object(Symfony\Component\Console\Input\ArgvInput), Object(Symfony\Component\Console\Output\ConsoleOutput))
#27 C:\xampp1\htdocs\LaravelRepo\private\vendor\symfony\console\Application.php(120): Symfony\Component\Console\Application->doRun(Object(Symfony\Component\Console\Input\ArgvInput), Object(Symfony\Component\Console\Output\ConsoleOutput))
#28 C:\xampp1\htdocs\LaravelRepo\private\vendor\laravel\framework\src\Illuminate\Foundation\Console\Kernel.php(123): Symfony\Component\Console\Application->run(Object(Symfony\Component\Console\Input\ArgvInput), Object(Symfony\Component\Console\Output\ConsoleOutput))
#29 C:\xampp1\htdocs\LaravelRepo\private\artisan(35): Illuminate\Foundation\Console\Kernel->handle(Object(Symfony\Component\Console\Input\ArgvInput), Object(Symfony\Component\Console\Output\ConsoleOutput))
#30 {main}

Next Illuminate\Database\QueryException: SQLSTATE[08006] [7] FATAL:  password authentication failed for user "postgres" (SQL: select * from information_schema.tables where table_schema = public and table_name = migrations) in C:\xampp1\htdocs\LaravelRepo\private\vendor\laravel\framework\src\Illuminate\Database\Connection.php:647
Stack trace:
#0 C:\xampp1\htdocs\LaravelRepo\private\vendor\laravel\framework\src\Illuminate\Database\Connection.php(607): Illuminate\Database\Connection->runQueryCallback('select * from i...', Array, Object(Closure))
#1 C:\xampp1\htdocs\LaravelRepo\private\vendor\laravel\framework\src\Illuminate\Database\Connection.php(326): Illuminate\Database\Connection->run('select * from i...', Array, Object(Closure))
#2 C:\xampp1\htdocs\LaravelRepo\private\vendor\laravel\framework\src\Illuminate\Database\Schema\PostgresBuilder.php(24): Illuminate\Database\Connection->select('select * from i...', Array)
#3 C:\xampp1\htdocs\LaravelRepo\private\vendor\laravel\framework\src\Illuminate\Database\Migrations\DatabaseMigrationRepository.php(154): Illuminate\Database\Schema\PostgresBuilder->hasTable('migrations')
#4 C:\xampp1\htdocs\LaravelRepo\private\vendor\laravel\framework\src\Illuminate\Database\Migrations\Migrator.php(530): Illuminate\Database\Migrations\DatabaseMigrationRepository->repositoryExists()
#5 C:\xampp1\htdocs\LaravelRepo\private\vendor\laravel\framework\src\Illuminate\Database\Console\Migrations\MigrateCommand.php(96): Illuminate\Database\Migrations\Migrator->repositoryExists()
#6 C:\xampp1\htdocs\LaravelRepo\private\vendor\laravel\framework\src\Illuminate\Database\Console\Migrations\MigrateCommand.php(62): Illuminate\Database\Console\Migrations\MigrateCommand->prepareDatabase()
#7 [internal function]: Illuminate\Database\Console\Migrations\MigrateCommand->fire()
#8 C:\xampp1\htdocs\LaravelRepo\private\vendor\laravel\framework\src\Illuminate\Container\BoundMethod.php(29): call_user_func_array(Array, Array)
#9 C:\xampp1\htdocs\LaravelRepo\private\vendor\laravel\framework\src\Illuminate\Container\BoundMethod.php(87): Illuminate\Container\BoundMethod::Illuminate\Container\{closure}()
#10 C:\xampp1\htdocs\LaravelRepo\private\vendor\laravel\framework\src\Illuminate\Container\BoundMethod.php(31): Illuminate\Container\BoundMethod::callBoundMethod(Object(Illuminate\Foundation\Application), Array, Object(Closure))
#11 C:\xampp1\htdocs\LaravelRepo\private\vendor\laravel\framework\src\Illuminate\Container\Container.php(524): Illuminate\Container\BoundMethod::call(Object(Illuminate\Foundation\Application), Array, Array, NULL)
#12 C:\xampp1\htdocs\LaravelRepo\private\vendor\laravel\framework\src\Illuminate\Console\Command.php(182): Illuminate\Container\Container->call(Array)
#13 C:\xampp1\htdocs\LaravelRepo\private\vendor\symfony\console\Command\Command.php(265): Illuminate\Console\Command->execute(Object(Symfony\Component\Console\Input\ArgvInput), Object(Illuminate\Console\OutputStyle))
#14 C:\xampp1\htdocs\LaravelRepo\private\vendor\laravel\framework\src\Illuminate\Console\Command.php(167): Symfony\Component\Console\Command\Command->run(Object(Symfony\Component\Console\Input\ArgvInput), Object(Illuminate\Console\OutputStyle))
#15 C:\xampp1\htdocs\LaravelRepo\private\vendor\symfony\console\Application.php(826): Illuminate\Console\Command->run(Object(Symfony\Component\Console\Input\ArgvInput), Object(Symfony\Component\Console\Output\ConsoleOutput))
#16 C:\xampp1\htdocs\LaravelRepo\private\vendor\symfony\console\Application.php(189): Symfony\Component\Console\Application->doRunCommand(Object(Illuminate\Database\Console\Migrations\MigrateCommand), Object(Symfony\Component\Console\Input\ArgvInput), Object(Symfony\Component\Console\Output\ConsoleOutput))
#17 C:\xampp1\htdocs\LaravelRepo\private\vendor\symfony\console\Application.php(120): Symfony\Component\Console\Application->doRun(Object(Symfony\Component\Console\Input\ArgvInput), Object(Symfony\Component\Console\Output\ConsoleOutput))
#18 C:\xampp1\htdocs\LaravelRepo\private\vendor\laravel\framework\src\Illuminate\Foundation\Console\Kernel.php(123): Symfony\Component\Console\Application->run(Object(Symfony\Component\Console\Input\ArgvInput), Object(Symfony\Component\Console\Output\ConsoleOutput))
#19 C:\xampp1\htdocs\LaravelRepo\private\artisan(35): Illuminate\Foundation\Console\Kernel->handle(Object(Symfony\Component\Console\Input\ArgvInput), Object(Symfony\Component\Console\Output\ConsoleOutput))
#20 {main}  
[2017-03-20 09:27:05] local.ERROR: PDOException: SQLSTATE[08006] [7] FATAL:  password authentication failed for user "postgres" in C:\xampp1\htdocs\LaravelRepo\private\vendor\laravel\framework\src\Illuminate\Database\Connectors\Connector.php:68
Stack trace:
#0 C:\xampp1\htdocs\LaravelRepo\private\vendor\laravel\framework\src\Illuminate\Database\Connectors\Connector.php(68): PDO->__construct('pgsql:host=127....', 'postgres', 'arsenal9', Array)
#1 C:\xampp1\htdocs\LaravelRepo\private\vendor\laravel\framework\src\Illuminate\Database\Connectors\Connector.php(43): Illuminate\Database\Connectors\Connector->createPdoConnection('pgsql:host=127....', 'postgres', 'arsenal9', Array)
#2 C:\xampp1\htdocs\LaravelRepo\private\vendor\laravel\framework\src\Illuminate\Database\Connectors\PostgresConnector.php(33): Illuminate\Database\Connectors\Connector->createConnection('pgsql:host=127....', Array, Array)
#3 C:\xampp1\htdocs\LaravelRepo\private\vendor\laravel\framework\src\Illuminate\Database\Connectors\ConnectionFactory.php(183): Illuminate\Database\Connectors\PostgresConnector->connect(Array)
#4 [internal function]: Illuminate\Database\Connectors\ConnectionFactory->Illuminate\Database\Connectors\{closure}()
#5 C:\xampp1\htdocs\LaravelRepo\private\vendor\laravel\framework\src\Illuminate\Database\Connection.php(882): call_user_func(Object(Closure))
#6 C:\xampp1\htdocs\LaravelRepo\private\vendor\laravel\framework\src\Illuminate\Database\Connection.php(903): Illuminate\Database\Connection->getPdo()
#7 C:\xampp1\htdocs\LaravelRepo\private\vendor\laravel\framework\src\Illuminate\Database\Connection.php(392): Illuminate\Database\Connection->getReadPdo()
#8 C:\xampp1\htdocs\LaravelRepo\private\vendor\laravel\framework\src\Illuminate\Database\Connection.php(318): Illuminate\Database\Connection->getPdoForSelect(true)
#9 C:\xampp1\htdocs\LaravelRepo\private\vendor\laravel\framework\src\Illuminate\Database\Connection.php(640): Illuminate\Database\Connection->Illuminate\Database\{closure}('select * from i...', Array)
#10 C:\xampp1\htdocs\LaravelRepo\private\vendor\laravel\framework\src\Illuminate\Database\Connection.php(607): Illuminate\Database\Connection->runQueryCallback('select * from i...', Array, Object(Closure))
#11 C:\xampp1\htdocs\LaravelRepo\private\vendor\laravel\framework\src\Illuminate\Database\Connection.php(326): Illuminate\Database\Connection->run('select * from i...', Array, Object(Closure))
#12 C:\xampp1\htdocs\LaravelRepo\private\vendor\laravel\framework\src\Illuminate\Database\Schema\PostgresBuilder.php(24): Illuminate\Database\Connection->select('select * from i...', Array)
#13 C:\xampp1\htdocs\LaravelRepo\private\vendor\laravel\framework\src\Illuminate\Database\Migrations\DatabaseMigrationRepository.php(154): Illuminate\Database\Schema\PostgresBuilder->hasTable('migrations')
#14 C:\xampp1\htdocs\LaravelRepo\private\vendor\laravel\framework\src\Illuminate\Database\Migrations\Migrator.php(530): Illuminate\Database\Migrations\DatabaseMigrationRepository->repositoryExists()
#15 C:\xampp1\htdocs\LaravelRepo\private\vendor\laravel\framework\src\Illuminate\Database\Console\Migrations\MigrateCommand.php(96): Illuminate\Database\Migrations\Migrator->repositoryExists()
#16 C:\xampp1\htdocs\LaravelRepo\private\vendor\laravel\framework\src\Illuminate\Database\Console\Migrations\MigrateCommand.php(62): Illuminate\Database\Console\Migrations\MigrateCommand->prepareDatabase()
#17 [internal function]: Illuminate\Database\Console\Migrations\MigrateCommand->fire()
#18 C:\xampp1\htdocs\LaravelRepo\private\vendor\laravel\framework\src\Illuminate\Container\BoundMethod.php(29): call_user_func_array(Array, Array)
#19 C:\xampp1\htdocs\LaravelRepo\private\vendor\laravel\framework\src\Illuminate\Container\BoundMethod.php(87): Illuminate\Container\BoundMethod::Illuminate\Container\{closure}()
#20 C:\xampp1\htdocs\LaravelRepo\private\vendor\laravel\framework\src\Illuminate\Container\BoundMethod.php(31): Illuminate\Container\BoundMethod::callBoundMethod(Object(Illuminate\Foundation\Application), Array, Object(Closure))
#21 C:\xampp1\htdocs\LaravelRepo\private\vendor\laravel\framework\src\Illuminate\Container\Container.php(524): Illuminate\Container\BoundMethod::call(Object(Illuminate\Foundation\Application), Array, Array, NULL)
#22 C:\xampp1\htdocs\LaravelRepo\private\vendor\laravel\framework\src\Illuminate\Console\Command.php(182): Illuminate\Container\Container->call(Array)
#23 C:\xampp1\htdocs\LaravelRepo\private\vendor\symfony\console\Command\Command.php(265): Illuminate\Console\Command->execute(Object(Symfony\Component\Console\Input\ArgvInput), Object(Illuminate\Console\OutputStyle))
#24 C:\xampp1\htdocs\LaravelRepo\private\vendor\laravel\framework\src\Illuminate\Console\Command.php(167): Symfony\Component\Console\Command\Command->run(Object(Symfony\Component\Console\Input\ArgvInput), Object(Illuminate\Console\OutputStyle))
#25 C:\xampp1\htdocs\LaravelRepo\private\vendor\symfony\console\Application.php(826): Illuminate\Console\Command->run(Object(Symfony\Component\Console\Input\ArgvInput), Object(Symfony\Component\Console\Output\ConsoleOutput))
#26 C:\xampp1\htdocs\LaravelRepo\private\vendor\symfony\console\Application.php(189): Symfony\Component\Console\Application->doRunCommand(Object(Illuminate\Database\Console\Migrations\MigrateCommand), Object(Symfony\Component\Console\Input\ArgvInput), Object(Symfony\Component\Console\Output\ConsoleOutput))
#27 C:\xampp1\htdocs\LaravelRepo\private\vendor\symfony\console\Application.php(120): Symfony\Component\Console\Application->doRun(Object(Symfony\Component\Console\Input\ArgvInput), Object(Symfony\Component\Console\Output\ConsoleOutput))
#28 C:\xampp1\htdocs\LaravelRepo\private\vendor\laravel\framework\src\Illuminate\Foundation\Console\Kernel.php(123): Symfony\Component\Console\Application->run(Object(Symfony\Component\Console\Input\ArgvInput), Object(Symfony\Component\Console\Output\ConsoleOutput))
#29 C:\xampp1\htdocs\LaravelRepo\private\artisan(35): Illuminate\Foundation\Console\Kernel->handle(Object(Symfony\Component\Console\Input\ArgvInput), Object(Symfony\Component\Console\Output\ConsoleOutput))
#30 {main}  
[2017-03-20 09:27:05] local.ERROR: PDOException: SQLSTATE[08006] [7] FATAL:  password authentication failed for user "postgres" in C:\xampp1\htdocs\LaravelRepo\private\vendor\laravel\framework\src\Illuminate\Database\Connectors\Connector.php:68
Stack trace:
#0 C:\xampp1\htdocs\LaravelRepo\private\vendor\laravel\framework\src\Illuminate\Database\Connectors\Connector.php(68): PDO->__construct('pgsql:host=127....', 'postgres', 'arsenal9', Array)
#1 C:\xampp1\htdocs\LaravelRepo\private\vendor\laravel\framework\src\Illuminate\Database\Connectors\Connector.php(43): Illuminate\Database\Connectors\Connector->createPdoConnection('pgsql:host=127....', 'postgres', 'arsenal9', Array)
#2 C:\xampp1\htdocs\LaravelRepo\private\vendor\laravel\framework\src\Illuminate\Database\Connectors\PostgresConnector.php(33): Illuminate\Database\Connectors\Connector->createConnection('pgsql:host=127....', Array, Array)
#3 C:\xampp1\htdocs\LaravelRepo\private\vendor\laravel\framework\src\Illuminate\Database\Connectors\ConnectionFactory.php(183): Illuminate\Database\Connectors\PostgresConnector->connect(Array)
#4 [internal function]: Illuminate\Database\Connectors\ConnectionFactory->Illuminate\Database\Connectors\{closure}()
#5 C:\xampp1\htdocs\LaravelRepo\private\vendor\laravel\framework\src\Illuminate\Database\Connection.php(882): call_user_func(Object(Closure))
#6 C:\xampp1\htdocs\LaravelRepo\private\vendor\laravel\framework\src\Illuminate\Database\Connection.php(903): Illuminate\Database\Connection->getPdo()
#7 C:\xampp1\htdocs\LaravelRepo\private\vendor\laravel\framework\src\Illuminate\Database\Connection.php(392): Illuminate\Database\Connection->getReadPdo()
#8 C:\xampp1\htdocs\LaravelRepo\private\vendor\laravel\framework\src\Illuminate\Database\Connection.php(318): Illuminate\Database\Connection->getPdoForSelect(true)
#9 C:\xampp1\htdocs\LaravelRepo\private\vendor\laravel\framework\src\Illuminate\Database\Connection.php(640): Illuminate\Database\Connection->Illuminate\Database\{closure}('select * from i...', Array)
#10 C:\xampp1\htdocs\LaravelRepo\private\vendor\laravel\framework\src\Illuminate\Database\Connection.php(607): Illuminate\Database\Connection->runQueryCallback('select * from i...', Array, Object(Closure))
#11 C:\xampp1\htdocs\LaravelRepo\private\vendor\laravel\framework\src\Illuminate\Database\Connection.php(326): Illuminate\Database\Connection->run('select * from i...', Array, Object(Closure))
#12 C:\xampp1\htdocs\LaravelRepo\private\vendor\laravel\framework\src\Illuminate\Database\Schema\PostgresBuilder.php(24): Illuminate\Database\Connection->select('select * from i...', Array)
#13 C:\xampp1\htdocs\LaravelRepo\private\vendor\laravel\framework\src\Illuminate\Database\Migrations\DatabaseMigrationRepository.php(154): Illuminate\Database\Schema\PostgresBuilder->hasTable('migrations')
#14 C:\xampp1\htdocs\LaravelRepo\private\vendor\laravel\framework\src\Illuminate\Database\Migrations\Migrator.php(530): Illuminate\Database\Migrations\DatabaseMigrationRepository->repositoryExists()
#15 C:\xampp1\htdocs\LaravelRepo\private\vendor\laravel\framework\src\Illuminate\Database\Console\Migrations\MigrateCommand.php(96): Illuminate\Database\Migrations\Migrator->repositoryExists()
#16 C:\xampp1\htdocs\LaravelRepo\private\vendor\laravel\framework\src\Illuminate\Database\Console\Migrations\MigrateCommand.php(62): Illuminate\Database\Console\Migrations\MigrateCommand->prepareDatabase()
#17 [internal function]: Illuminate\Database\Console\Migrations\MigrateCommand->fire()
#18 C:\xampp1\htdocs\LaravelRepo\private\vendor\laravel\framework\src\Illuminate\Container\BoundMethod.php(29): call_user_func_array(Array, Array)
#19 C:\xampp1\htdocs\LaravelRepo\private\vendor\laravel\framework\src\Illuminate\Container\BoundMethod.php(87): Illuminate\Container\BoundMethod::Illuminate\Container\{closure}()
#20 C:\xampp1\htdocs\LaravelRepo\private\vendor\laravel\framework\src\Illuminate\Container\BoundMethod.php(31): Illuminate\Container\BoundMethod::callBoundMethod(Object(Illuminate\Foundation\Application), Array, Object(Closure))
#21 C:\xampp1\htdocs\LaravelRepo\private\vendor\laravel\framework\src\Illuminate\Container\Container.php(524): Illuminate\Container\BoundMethod::call(Object(Illuminate\Foundation\Application), Array, Array, NULL)
#22 C:\xampp1\htdocs\LaravelRepo\private\vendor\laravel\framework\src\Illuminate\Console\Command.php(182): Illuminate\Container\Container->call(Array)
#23 C:\xampp1\htdocs\LaravelRepo\private\vendor\symfony\console\Command\Command.php(265): Illuminate\Console\Command->execute(Object(Symfony\Component\Console\Input\ArgvInput), Object(Illuminate\Console\OutputStyle))
#24 C:\xampp1\htdocs\LaravelRepo\private\vendor\laravel\framework\src\Illuminate\Console\Command.php(167): Symfony\Component\Console\Command\Command->run(Object(Symfony\Component\Console\Input\ArgvInput), Object(Illuminate\Console\OutputStyle))
#25 C:\xampp1\htdocs\LaravelRepo\private\vendor\symfony\console\Application.php(826): Illuminate\Console\Command->run(Object(Symfony\Component\Console\Input\ArgvInput), Object(Symfony\Component\Console\Output\ConsoleOutput))
#26 C:\xampp1\htdocs\LaravelRepo\private\vendor\symfony\console\Application.php(189): Symfony\Component\Console\Application->doRunCommand(Object(Illuminate\Database\Console\Migrations\MigrateCommand), Object(Symfony\Component\Console\Input\ArgvInput), Object(Symfony\Component\Console\Output\ConsoleOutput))
#27 C:\xampp1\htdocs\LaravelRepo\private\vendor\symfony\console\Application.php(120): Symfony\Component\Console\Application->doRun(Object(Symfony\Component\Console\Input\ArgvInput), Object(Symfony\Component\Console\Output\ConsoleOutput))
#28 C:\xampp1\htdocs\LaravelRepo\private\vendor\laravel\framework\src\Illuminate\Foundation\Console\Kernel.php(123): Symfony\Component\Console\Application->run(Object(Symfony\Component\Console\Input\ArgvInput), Object(Symfony\Component\Console\Output\ConsoleOutput))
#29 C:\xampp1\htdocs\LaravelRepo\private\artisan(35): Illuminate\Foundation\Console\Kernel->handle(Object(Symfony\Component\Console\Input\ArgvInput), Object(Symfony\Component\Console\Output\ConsoleOutput))
#30 {main}

Next Illuminate\Database\QueryException: SQLSTATE[08006] [7] FATAL:  password authentication failed for user "postgres" (SQL: select * from information_schema.tables where table_schema = public and table_name = migrations) in C:\xampp1\htdocs\LaravelRepo\private\vendor\laravel\framework\src\Illuminate\Database\Connection.php:647
Stack trace:
#0 C:\xampp1\htdocs\LaravelRepo\private\vendor\laravel\framework\src\Illuminate\Database\Connection.php(607): Illuminate\Database\Connection->runQueryCallback('select * from i...', Array, Object(Closure))
#1 C:\xampp1\htdocs\LaravelRepo\private\vendor\laravel\framework\src\Illuminate\Database\Connection.php(326): Illuminate\Database\Connection->run('select * from i...', Array, Object(Closure))
#2 C:\xampp1\htdocs\LaravelRepo\private\vendor\laravel\framework\src\Illuminate\Database\Schema\PostgresBuilder.php(24): Illuminate\Database\Connection->select('select * from i...', Array)
#3 C:\xampp1\htdocs\LaravelRepo\private\vendor\laravel\framework\src\Illuminate\Database\Migrations\DatabaseMigrationRepository.php(154): Illuminate\Database\Schema\PostgresBuilder->hasTable('migrations')
#4 C:\xampp1\htdocs\LaravelRepo\private\vendor\laravel\framework\src\Illuminate\Database\Migrations\Migrator.php(530): Illuminate\Database\Migrations\DatabaseMigrationRepository->repositoryExists()
#5 C:\xampp1\htdocs\LaravelRepo\private\vendor\laravel\framework\src\Illuminate\Database\Console\Migrations\MigrateCommand.php(96): Illuminate\Database\Migrations\Migrator->repositoryExists()
#6 C:\xampp1\htdocs\LaravelRepo\private\vendor\laravel\framework\src\Illuminate\Database\Console\Migrations\MigrateCommand.php(62): Illuminate\Database\Console\Migrations\MigrateCommand->prepareDatabase()
#7 [internal function]: Illuminate\Database\Console\Migrations\MigrateCommand->fire()
#8 C:\xampp1\htdocs\LaravelRepo\private\vendor\laravel\framework\src\Illuminate\Container\BoundMethod.php(29): call_user_func_array(Array, Array)
#9 C:\xampp1\htdocs\LaravelRepo\private\vendor\laravel\framework\src\Illuminate\Container\BoundMethod.php(87): Illuminate\Container\BoundMethod::Illuminate\Container\{closure}()
#10 C:\xampp1\htdocs\LaravelRepo\private\vendor\laravel\framework\src\Illuminate\Container\BoundMethod.php(31): Illuminate\Container\BoundMethod::callBoundMethod(Object(Illuminate\Foundation\Application), Array, Object(Closure))
#11 C:\xampp1\htdocs\LaravelRepo\private\vendor\laravel\framework\src\Illuminate\Container\Container.php(524): Illuminate\Container\BoundMethod::call(Object(Illuminate\Foundation\Application), Array, Array, NULL)
#12 C:\xampp1\htdocs\LaravelRepo\private\vendor\laravel\framework\src\Illuminate\Console\Command.php(182): Illuminate\Container\Container->call(Array)
#13 C:\xampp1\htdocs\LaravelRepo\private\vendor\symfony\console\Command\Command.php(265): Illuminate\Console\Command->execute(Object(Symfony\Component\Console\Input\ArgvInput), Object(Illuminate\Console\OutputStyle))
#14 C:\xampp1\htdocs\LaravelRepo\private\vendor\laravel\framework\src\Illuminate\Console\Command.php(167): Symfony\Component\Console\Command\Command->run(Object(Symfony\Component\Console\Input\ArgvInput), Object(Illuminate\Console\OutputStyle))
#15 C:\xampp1\htdocs\LaravelRepo\private\vendor\symfony\console\Application.php(826): Illuminate\Console\Command->run(Object(Symfony\Component\Console\Input\ArgvInput), Object(Symfony\Component\Console\Output\ConsoleOutput))
#16 C:\xampp1\htdocs\LaravelRepo\private\vendor\symfony\console\Application.php(189): Symfony\Component\Console\Application->doRunCommand(Object(Illuminate\Database\Console\Migrations\MigrateCommand), Object(Symfony\Component\Console\Input\ArgvInput), Object(Symfony\Component\Console\Output\ConsoleOutput))
#17 C:\xampp1\htdocs\LaravelRepo\private\vendor\symfony\console\Application.php(120): Symfony\Component\Console\Application->doRun(Object(Symfony\Component\Console\Input\ArgvInput), Object(Symfony\Component\Console\Output\ConsoleOutput))
#18 C:\xampp1\htdocs\LaravelRepo\private\vendor\laravel\framework\src\Illuminate\Foundation\Console\Kernel.php(123): Symfony\Component\Console\Application->run(Object(Symfony\Component\Console\Input\ArgvInput), Object(Symfony\Component\Console\Output\ConsoleOutput))
#19 C:\xampp1\htdocs\LaravelRepo\private\artisan(35): Illuminate\Foundation\Console\Kernel->handle(Object(Symfony\Component\Console\Input\ArgvInput), Object(Symfony\Component\Console\Output\ConsoleOutput))
#20 {main}  
